[0911/165928.410:ERROR:minidumpwritedump_with_crashpad_info.cc(452)] Failed to call MiniDumpWriteDump: Only part of a ReadProcessMemory or WriteProcessMemory request was completed. (0x8007012B)
[0911/165928.410:ERROR:minidumpwritedump_with_crashpad_info.cc(661)] Failed to write minidump file
[0911/165928.410:ERROR:crash_report_exception_handler.cc(132)] TryMiniDumpWriteDumpWithCrashpadInfo failed
[0911/165928.420:ERROR:process_memory_win.cc(73)] ReadMemory at 0x2842acc0000 of 64 bytes failed: Only part of a ReadProcessMemory or WriteProcessMemory request was completed. (0x12B)
[0911/165928.420:WARNING:pe_image_reader.cc(340)] could not read dos header from C:\WINDOWS\System32\sechost.dll
[0911/165928.420:ERROR:process_memory_win.cc(73)] ReadMemory at 0x7ff98a0f0000 of 64 bytes failed: Only part of a ReadProcessMemory or WriteProcessMemory request was completed. (0x12B)
[0911/165928.421:WARNING:pe_image_reader.cc(340)] could not read dos header from C:\Program Files (x86)\Microsoft\Edge\Application\85.0.564.51\msedge.dll
[0911/165928.421:ERROR:process_memory_win.cc(73)] ReadMemory at 0x7ff6238e0000 of 64 bytes failed: Only part of a ReadProcessMemory or WriteProcessMemory request was completed. (0x12B)
[0911/165928.422:WARNING:pe_image_reader.cc(340)] could not read dos header from C:\Program Files (x86)\Microsoft\Edge\Application\msedge.exe
[0911/165928.422:ERROR:process_memory_win.cc(73)] ReadMemory at 0x7ff6238e0000 of 64 bytes failed: Only part of a ReadProcessMemory or WriteProcessMemory request was completed. (0x12B)
[0911/165928.422:WARNING:pe_image_reader.cc(340)] could not read dos header from C:\Program Files (x86)\Microsoft\Edge\Application\msedge.exe
[0911/165928.422:ERROR:process_memory_win.cc(73)] ReadMemory at 0x7ff9c6330000 of 64 bytes failed: Only part of a ReadProcessMemory or WriteProcessMemory request was completed. (0x12B)
[0911/165928.422:WARNING:pe_image_reader.cc(340)] could not read dos header from C:\Program Files (x86)\Microsoft\Edge\Application\85.0.564.51\msedge_elf.dll
[0911/165928.422:ERROR:process_memory_win.cc(73)] ReadMemory at 0x7ff9c6330000 of 64 bytes failed: Only part of a ReadProcessMemory or WriteProcessMemory request was completed. (0x12B)
[0911/165928.422:WARNING:pe_image_reader.cc(340)] could not read dos header from C:\Program Files (x86)\Microsoft\Edge\Application\85.0.564.51\msedge_elf.dll
[0911/165928.422:ERROR:process_memory_win.cc(73)] ReadMemory at 0x2842acc0000 of 64 bytes failed: Only part of a ReadProcessMemory or WriteProcessMemory request was completed. (0x12B)
[0911/165928.422:WARNING:pe_image_reader.cc(340)] could not read dos header from C:\WINDOWS\System32\sechost.dll
[0911/165928.422:ERROR:process_memory_win.cc(73)] ReadMemory at 0x2842acc0000 of 64 bytes failed: Only part of a ReadProcessMemory or WriteProcessMemory request was completed. (0x12B)
[0911/165928.422:WARNING:pe_image_reader.cc(340)] could not read dos header from C:\WINDOWS\System32\sechost.dll
[0911/165928.422:ERROR:process_memory_win.cc(73)] ReadMemory at 0x7ff98a0f0000 of 64 bytes failed: Only part of a ReadProcessMemory or WriteProcessMemory request was completed. (0x12B)
[0911/165928.422:WARNING:pe_image_reader.cc(340)] could not read dos header from C:\Program Files (x86)\Microsoft\Edge\Application\85.0.564.51\msedge.dll
[0911/165928.422:ERROR:process_memory_win.cc(73)] ReadMemory at 0x7ff98a0f0000 of 64 bytes failed: Only part of a ReadProcessMemory or WriteProcessMemory request was completed. (0x12B)
[0911/165928.422:WARNING:pe_image_reader.cc(340)] could not read dos header from C:\Program Files (x86)\Microsoft\Edge\Application\85.0.564.51\msedge.dll
[0911/165928.422:ERROR:process_memory_win.cc(73)] ReadMemory at 0x7ff9fc800000 of 64 bytes failed: Only part of a ReadProcessMemory or WriteProcessMemory request was completed. (0x12B)
[0911/165928.422:WARNING:pe_image_reader.cc(340)] could not read dos header from C:\WINDOWS\System32\msvcp_win.dll
[0911/165928.422:ERROR:process_memory_win.cc(73)] ReadMemory at 0x7ff9fc800000 of 64 bytes failed: Only part of a ReadProcessMemory or WriteProcessMemory request was completed. (0x12B)
[0911/165928.422:WARNING:pe_image_reader.cc(340)] could not read dos header from C:\WINDOWS\System32\msvcp_win.dll
[0911/165928.422:ERROR:process_memory_win.cc(73)] ReadMemory at 0x7ff9fd580000 of 64 bytes failed: Only part of a ReadProcessMemory or WriteProcessMemory request was completed. (0x12B)
[0911/165928.422:WARNING:pe_image_reader.cc(340)] could not read dos header from C:\WINDOWS\System32\ucrtbase.dll
[0911/165928.422:ERROR:process_memory_win.cc(73)] ReadMemory at 0x7ff9fd580000 of 64 bytes failed: Only part of a ReadProcessMemory or WriteProcessMemory request was completed. (0x12B)
[0911/165928.422:WARNING:pe_image_reader.cc(340)] could not read dos header from C:\WINDOWS\System32\ucrtbase.dll
[0911/165928.422:ERROR:process_memory_win.cc(73)] ReadMemory at 0x7ff9fd980000 of 64 bytes failed: Only part of a ReadProcessMemory or WriteProcessMemory request was completed. (0x12B)
[0911/165928.423:WARNING:pe_image_reader.cc(340)] could not read dos header from C:\WINDOWS\System32\combase.dll
[0911/165928.423:ERROR:process_memory_win.cc(73)] ReadMemory at 0x7ff9fd980000 of 64 bytes failed: Only part of a ReadProcessMemory or WriteProcessMemory request was completed. (0x12B)
[0911/165928.423:WARNING:pe_image_reader.cc(340)] could not read dos header from C:\WINDOWS\System32\combase.dll
[0911/165928.423:ERROR:process_memory_win.cc(73)] ReadMemory at 0x7ff9fc7a0000 of 64 bytes failed: Only part of a ReadProcessMemory or WriteProcessMemory request was completed. (0x12B)
[0911/165928.423:WARNING:pe_image_reader.cc(340)] could not read dos header from C:\WINDOWS\System32\WINTRUST.dll
[0911/165928.423:ERROR:process_memory_win.cc(73)] ReadMemory at 0x7ff9fc7a0000 of 64 bytes failed: Only part of a ReadProcessMemory or WriteProcessMemory request was completed. (0x12B)
[0911/165928.423:WARNING:pe_image_reader.cc(340)] could not read dos header from C:\WINDOWS\System32\WINTRUST.dll
[0911/165928.423:ERROR:process_memory_win.cc(73)] ReadMemory at 0x7ff9fc570000 of 64 bytes failed: Only part of a ReadProcessMemory or WriteProcessMemory request was completed. (0x12B)
[0911/165928.423:WARNING:pe_image_reader.cc(340)] could not read dos header from C:\WINDOWS\System32\MSASN1.dll
[0911/165928.423:ERROR:process_memory_win.cc(73)] ReadMemory at 0x7ff9fc570000 of 64 bytes failed: Only part of a ReadProcessMemory or WriteProcessMemory request was completed. (0x12B)
[0911/165928.423:WARNING:pe_image_reader.cc(340)] could not read dos header from C:\WINDOWS\System32\MSASN1.dll
[0911/165928.423:ERROR:process_memory_win.cc(73)] ReadMemory at 0x7ff9fc8c0000 of 64 bytes failed: Only part of a ReadProcessMemory or WriteProcessMemory request was completed. (0x12B)
[0911/165928.423:WARNING:pe_image_reader.cc(340)] could not read dos header from C:\WINDOWS\System32\CRYPT32.dll
[0911/165928.423:ERROR:process_memory_win.cc(73)] ReadMemory at 0x7ff9fc8c0000 of 64 bytes failed: Only part of a ReadProcessMemory or WriteProcessMemory request was completed. (0x12B)
[0911/165928.423:WARNING:pe_image_reader.cc(340)] could not read dos header from C:\WINDOWS\System32\CRYPT32.dll
[0911/165928.423:ERROR:process_memory_win.cc(73)] ReadMemory at 0x7ff9fba40000 of 64 bytes failed: Only part of a ReadProcessMemory or WriteProcessMemory request was completed. (0x12B)
[0911/165928.423:WARNING:pe_image_reader.cc(340)] could not read dos header from C:\WINDOWS\SYSTEM32\IPHLPAPI.DLL
[0911/165928.423:ERROR:process_memory_win.cc(73)] ReadMemory at 0x7ff9fba40000 of 64 bytes failed: Only part of a ReadProcessMemory or WriteProcessMemory request was completed. (0x12B)
[0911/165928.423:WARNING:pe_image_reader.cc(340)] could not read dos header from C:\WINDOWS\SYSTEM32\IPHLPAPI.DLL
[0911/165928.423:ERROR:process_memory_win.cc(73)] ReadMemory at 0x7ff9f9e10000 of 64 bytes failed: Only part of a ReadProcessMemory or WriteProcessMemory request was completed. (0x12B)
[0911/165928.423:WARNING:pe_image_reader.cc(340)] could not read dos header from C:\WINDOWS\SYSTEM32\WINMM.dll
[0911/165928.423:ERROR:process_memory_win.cc(73)] ReadMemory at 0x7ff9f9e10000 of 64 bytes failed: Only part of a ReadProcessMemory or WriteProcessMemory request was completed. (0x12B)
[0911/165928.423:WARNING:pe_image_reader.cc(340)] could not read dos header from C:\WINDOWS\SYSTEM32\WINMM.dll
[0911/165928.423:ERROR:process_memory_win.cc(73)] ReadMemory at 0x7ff9cdee0000 of 64 bytes failed: Only part of a ReadProcessMemory or WriteProcessMemory request was completed. (0x12B)
[0911/165928.423:WARNING:pe_image_reader.cc(340)] could not read dos header from C:\WINDOWS\SYSTEM32\UIAutomationCore.DLL
[0911/165928.424:ERROR:process_memory_win.cc(73)] ReadMemory at 0x7ff9cdee0000 of 64 bytes failed: Only part of a ReadProcessMemory or WriteProcessMemory request was completed. (0x12B)
[0911/165928.424:WARNING:pe_image_reader.cc(340)] could not read dos header from C:\WINDOWS\SYSTEM32\UIAutomationCore.DLL
[0911/165928.424:ERROR:process_memory_win.cc(73)] ReadMemory at 0x7ff9e69e0000 of 64 bytes failed: Only part of a ReadProcessMemory or WriteProcessMemory request was completed. (0x12B)
[0911/165928.424:WARNING:pe_image_reader.cc(340)] could not read dos header from C:\WINDOWS\SYSTEM32\Secur32.dll
[0911/165928.424:ERROR:process_memory_win.cc(73)] ReadMemory at 0x7ff9e69e0000 of 64 bytes failed: Only part of a ReadProcessMemory or WriteProcessMemory request was completed. (0x12B)
[0911/165928.424:WARNING:pe_image_reader.cc(340)] could not read dos header from C:\WINDOWS\SYSTEM32\Secur32.dll
[0911/165928.424:ERROR:process_memory_win.cc(73)] ReadMemory at 0x7ff9fc450000 of 64 bytes failed: Only part of a ReadProcessMemory or WriteProcessMemory request was completed. (0x12B)
[0911/165928.424:WARNING:pe_image_reader.cc(340)] could not read dos header from C:\WINDOWS\SYSTEM32\USERENV.dll
[0911/165928.424:ERROR:process_memory_win.cc(73)] ReadMemory at 0x7ff9fc450000 of 64 bytes failed: Only part of a ReadProcessMemory or WriteProcessMemory request was completed. (0x12B)
[0911/165928.424:WARNING:pe_image_reader.cc(340)] could not read dos header from C:\WINDOWS\SYSTEM32\USERENV.dll
[0911/165928.424:ERROR:process_memory_win.cc(73)] ReadMemory at 0x7ff9fc540000 of 64 bytes failed: Only part of a ReadProcessMemory or WriteProcessMemory request was completed. (0x12B)
[0911/165928.424:WARNING:pe_image_reader.cc(340)] could not read dos header from C:\WINDOWS\System32\profapi.dll
[0911/165928.424:ERROR:process_memory_win.cc(73)] ReadMemory at 0x7ff9fc540000 of 64 bytes failed: Only part of a ReadProcessMemory or WriteProcessMemory request was completed. (0x12B)
[0911/165928.424:WARNING:pe_image_reader.cc(340)] could not read dos header from C:\WINDOWS\System32\profapi.dll
[0911/165928.424:ERROR:process_memory_win.cc(73)] ReadMemory at 0x7ff9eb5f0000 of 64 bytes failed: Only part of a ReadProcessMemory or WriteProcessMemory request was completed. (0x12B)
[0911/165928.424:WARNING:pe_image_reader.cc(340)] could not read dos header from C:\WINDOWS\SYSTEM32\WINHTTP.dll
[0911/165928.424:ERROR:process_memory_win.cc(73)] ReadMemory at 0x7ff9eb5f0000 of 64 bytes failed: Only part of a ReadProcessMemory or WriteProcessMemory request was completed. (0x12B)
[0911/165928.424:WARNING:pe_image_reader.cc(340)] could not read dos header from C:\WINDOWS\SYSTEM32\WINHTTP.dll
[0911/165928.424:ERROR:process_memory_win.cc(73)] ReadMemory at 0x7ff9ed190000 of 64 bytes failed: Only part of a ReadProcessMemory or WriteProcessMemory request was completed. (0x12B)
[0911/165928.424:WARNING:pe_image_reader.cc(340)] could not read dos header from C:\WINDOWS\SYSTEM32\DWrite.dll
[0911/165928.424:ERROR:process_memory_win.cc(73)] ReadMemory at 0x7ff9ed190000 of 64 bytes failed: Only part of a ReadProcessMemory or WriteProcessMemory request was completed. (0x12B)
[0911/165928.424:WARNING:pe_image_reader.cc(340)] could not read dos header from C:\WINDOWS\SYSTEM32\DWrite.dll
[0911/165928.424:ERROR:process_memory_win.cc(73)] ReadMemory at 0x7ff9ebbe0000 of 64 bytes failed: Only part of a ReadProcessMemory or WriteProcessMemory request was completed. (0x12B)
[0911/165928.424:WARNING:pe_image_reader.cc(340)] could not read dos header from C:\WINDOWS\SYSTEM32\WINSPOOL.DRV
[0911/165928.424:ERROR:process_memory_win.cc(73)] ReadMemory at 0x7ff9ebbe0000 of 64 bytes failed: Only part of a ReadProcessMemory or WriteProcessMemory request was completed. (0x12B)
[0911/165928.424:WARNING:pe_image_reader.cc(340)] could not read dos header from C:\WINDOWS\SYSTEM32\WINSPOOL.DRV
[0911/165928.425:ERROR:process_memory_win.cc(73)] ReadMemory at 0x7ff9fc590000 of 64 bytes failed: Only part of a ReadProcessMemory or WriteProcessMemory request was completed. (0x12B)
[0911/165928.425:WARNING:pe_image_reader.cc(340)] could not read dos header from C:\WINDOWS\System32\kernel.appcore.dll
[0911/165928.425:ERROR:process_memory_win.cc(73)] ReadMemory at 0x7ff9fc590000 of 64 bytes failed: Only part of a ReadProcessMemory or WriteProcessMemory request was completed. (0x12B)
[0911/165928.425:WARNING:pe_image_reader.cc(340)] could not read dos header from C:\WINDOWS\System32\kernel.appcore.dll
[0911/165928.425:ERROR:process_memory_win.cc(73)] ReadMemory at 0x7ff9fd480000 of 64 bytes failed: Only part of a ReadProcessMemory or WriteProcessMemory request was completed. (0x12B)
[0911/165928.425:WARNING:pe_image_reader.cc(340)] could not read dos header from C:\WINDOWS\System32\bcrypt.dll
[0911/165928.425:ERROR:process_memory_win.cc(73)] ReadMemory at 0x7ff9fd480000 of 64 bytes failed: Only part of a ReadProcessMemory or WriteProcessMemory request was completed. (0x12B)
[0911/165928.425:WARNING:pe_image_reader.cc(340)] could not read dos header from C:\WINDOWS\System32\bcrypt.dll
[0911/165928.425:ERROR:process_memory_win.cc(73)] ReadMemory at 0x7ff9fae50000 of 64 bytes failed: Only part of a ReadProcessMemory or WriteProcessMemory request was completed. (0x12B)
[0911/165928.425:WARNING:pe_image_reader.cc(340)] could not read dos header from C:\WINDOWS\SYSTEM32\dbghelp.dll
[0911/165928.425:ERROR:process_memory_win.cc(73)] ReadMemory at 0x7ff9fae50000 of 64 bytes failed: Only part of a ReadProcessMemory or WriteProcessMemory request was completed. (0x12B)
[0911/165928.425:WARNING:pe_image_reader.cc(340)] could not read dos header from C:\WINDOWS\SYSTEM32\dbghelp.dll
[0911/165928.425:ERROR:process_memory_win.cc(73)] ReadMemory at 0x7ff9fc060000 of 64 bytes failed: Only part of a ReadProcessMemory or WriteProcessMemory request was completed. (0x12B)
[0911/165928.425:WARNING:pe_image_reader.cc(340)] could not read dos header from C:\WINDOWS\SYSTEM32\ncrypt.dll
[0911/165928.425:ERROR:process_memory_win.cc(73)] ReadMemory at 0x7ff9fc060000 of 64 bytes failed: Only part of a ReadProcessMemory or WriteProcessMemory request was completed. (0x12B)
[0911/165928.425:WARNING:pe_image_reader.cc(340)] could not read dos header from C:\WINDOWS\SYSTEM32\ncrypt.dll
[0911/165928.425:ERROR:process_memory_win.cc(73)] ReadMemory at 0x7ff9f60e0000 of 64 bytes failed: Only part of a ReadProcessMemory or WriteProcessMemory request was completed. (0x12B)
[0911/165928.425:WARNING:pe_image_reader.cc(340)] could not read dos header from C:\WINDOWS\SYSTEM32\dhcpcsvc.DLL
[0911/165928.425:ERROR:process_memory_win.cc(73)] ReadMemory at 0x7ff9f60e0000 of 64 bytes failed: Only part of a ReadProcessMemory or WriteProcessMemory request was completed. (0x12B)
[0911/165928.425:WARNING:pe_image_reader.cc(340)] could not read dos header from C:\WINDOWS\SYSTEM32\dhcpcsvc.DLL
[0911/165928.425:ERROR:process_memory_win.cc(73)] ReadMemory at 0x7ff9fea20000 of 64 bytes failed: Only part of a ReadProcessMemory or WriteProcessMemory request was completed. (0x12B)
[0911/165928.425:WARNING:pe_image_reader.cc(340)] could not read dos header from C:\WINDOWS\System32\NSI.dll
[0911/165928.425:ERROR:process_memory_win.cc(73)] ReadMemory at 0x7ff9fea20000 of 64 bytes failed: Only part of a ReadProcessMemory or WriteProcessMemory request was completed. (0x12B)
[0911/165928.425:WARNING:pe_image_reader.cc(340)] could not read dos header from C:\WINDOWS\System32\NSI.dll
[0911/165928.425:ERROR:process_memory_win.cc(73)] ReadMemory at 0x7ff9f97f0000 of 64 bytes failed: Only part of a ReadProcessMemory or WriteProcessMemory request was completed. (0x12B)
[0911/165928.425:WARNING:pe_image_reader.cc(340)] could not read dos header from C:\WINDOWS\SYSTEM32\WINMMBASE.dll
[0911/165928.425:ERROR:process_memory_win.cc(73)] ReadMemory at 0x7ff9f97f0000 of 64 bytes failed: Only part of a ReadProcessMemory or WriteProcessMemory request was completed. (0x12B)
[0911/165928.425:WARNING:pe_image_reader.cc(340)] could not read dos header from C:\WINDOWS\SYSTEM32\WINMMBASE.dll
[0911/165928.426:ERROR:process_memory_win.cc(73)] ReadMemory at 0x7ff9fd530000 of 64 bytes failed: Only part of a ReadProcessMemory or WriteProcessMemory request was completed. (0x12B)
[0911/165928.426:WARNING:pe_image_reader.cc(340)] could not read dos header from C:\WINDOWS\System32\cfgmgr32.dll
[0911/165928.426:ERROR:process_memory_win.cc(73)] ReadMemory at 0x7ff9fd530000 of 64 bytes failed: Only part of a ReadProcessMemory or WriteProcessMemory request was completed. (0x12B)
[0911/165928.426:WARNING:pe_image_reader.cc(340)] could not read dos header from C:\WINDOWS\System32\cfgmgr32.dll
[0911/165928.426:ERROR:process_memory_win.cc(73)] ReadMemory at 0x7ff9f8aa0000 of 64 bytes failed: Only part of a ReadProcessMemory or WriteProcessMemory request was completed. (0x12B)
[0911/165928.426:WARNING:pe_image_reader.cc(340)] could not read dos header from C:\WINDOWS\SYSTEM32\PROPSYS.dll
[0911/165928.426:ERROR:process_memory_win.cc(73)] ReadMemory at 0x7ff9f8aa0000 of 64 bytes failed: Only part of a ReadProcessMemory or WriteProcessMemory request was completed. (0x12B)
[0911/165928.426:WARNING:pe_image_reader.cc(340)] could not read dos header from C:\WINDOWS\SYSTEM32\PROPSYS.dll
[0911/165928.426:ERROR:process_memory_win.cc(73)] ReadMemory at 0x7ff9fed00000 of 64 bytes failed: Only part of a ReadProcessMemory or WriteProcessMemory request was completed. (0x12B)
[0911/165928.426:WARNING:pe_image_reader.cc(340)] could not read dos header from C:\WINDOWS\System32\shcore.dll
[0911/165928.426:ERROR:process_memory_win.cc(73)] ReadMemory at 0x7ff9fed00000 of 64 bytes failed: Only part of a ReadProcessMemory or WriteProcessMemory request was completed. (0x12B)
[0911/165928.426:WARNING:pe_image_reader.cc(340)] could not read dos header from C:\WINDOWS\System32\shcore.dll
[0911/165928.426:ERROR:process_memory_win.cc(73)] ReadMemory at 0x7ff9fc020000 of 64 bytes failed: Only part of a ReadProcessMemory or WriteProcessMemory request was completed. (0x12B)
[0911/165928.426:WARNING:pe_image_reader.cc(340)] could not read dos header from C:\WINDOWS\SYSTEM32\NTASN1.dll
[0911/165928.426:ERROR:process_memory_win.cc(73)] ReadMemory at 0x7ff9fc020000 of 64 bytes failed: Only part of a ReadProcessMemory or WriteProcessMemory request was completed. (0x12B)
[0911/165928.426:WARNING:pe_image_reader.cc(340)] could not read dos header from C:\WINDOWS\SYSTEM32\NTASN1.dll
[0911/165928.426:ERROR:process_memory_win.cc(73)] ReadMemory at 0x7ff9fc420000 of 64 bytes failed: Only part of a ReadProcessMemory or WriteProcessMemory request was completed. (0x12B)
[0911/165928.426:WARNING:pe_image_reader.cc(340)] could not read dos header from C:\WINDOWS\SYSTEM32\SSPICLI.DLL
[0911/165928.426:ERROR:process_memory_win.cc(73)] ReadMemory at 0x7ff9fc420000 of 64 bytes failed: Only part of a ReadProcessMemory or WriteProcessMemory request was completed. (0x12B)
[0911/165928.426:WARNING:pe_image_reader.cc(340)] could not read dos header from C:\WINDOWS\SYSTEM32\SSPICLI.DLL
[0911/165928.426:ERROR:process_memory_win.cc(73)] ReadMemory at 0x7ff9fbf00000 of 64 bytes failed: Only part of a ReadProcessMemory or WriteProcessMemory request was completed. (0x12B)
[0911/165928.426:WARNING:pe_image_reader.cc(340)] could not read dos header from C:\WINDOWS\SYSTEM32\CRYPTBASE.DLL
[0911/165928.426:ERROR:process_memory_win.cc(73)] ReadMemory at 0x7ff9fbf00000 of 64 bytes failed: Only part of a ReadProcessMemory or WriteProcessMemory request was completed. (0x12B)
[0911/165928.426:WARNING:pe_image_reader.cc(340)] could not read dos header from C:\WINDOWS\SYSTEM32\CRYPTBASE.DLL
[0911/165928.659:ERROR:process_memory_win.cc(73)] ReadMemory at 0x7ff6238e0000 of 64 bytes failed: Only part of a ReadProcessMemory or WriteProcessMemory request was completed. (0x12B)
[0911/165928.659:WARNING:pe_image_reader.cc(340)] could not read dos header from C:\Program Files (x86)\Microsoft\Edge\Application\msedge.exe
[0911/165928.660:ERROR:process_memory_win.cc(73)] ReadMemory at 0x7ff9ff680000 of 64 bytes failed: Only part of a ReadProcessMemory or WriteProcessMemory request was completed. (0x12B)
[0911/165928.660:WARNING:pe_image_reader.cc(340)] could not read dos header from C:\WINDOWS\SYSTEM32\ntdll.dll
[0911/165928.660:ERROR:process_memory_win.cc(73)] ReadMemory at 0x7ff9fee80000 of 64 bytes failed: Only part of a ReadProcessMemory or WriteProcessMemory request was completed. (0x12B)
[0911/165928.660:WARNING:pe_image_reader.cc(340)] could not read dos header from C:\WINDOWS\System32\KERNEL32.DLL
[0911/165928.660:ERROR:process_memory_win.cc(73)] ReadMemory at 0x7ff9fca10000 of 64 bytes failed: Only part of a ReadProcessMemory or WriteProcessMemory request was completed. (0x12B)
[0911/165928.660:WARNING:pe_image_reader.cc(340)] could not read dos header from C:\WINDOWS\System32\KERNELBASE.dll
[0911/165928.660:ERROR:process_memory_win.cc(73)] ReadMemory at 0x7ff9c6330000 of 64 bytes failed: Only part of a ReadProcessMemory or WriteProcessMemory request was completed. (0x12B)
[0911/165928.660:WARNING:pe_image_reader.cc(340)] could not read dos header from C:\Program Files (x86)\Microsoft\Edge\Application\85.0.564.51\msedge_elf.dll
[0911/165928.660:ERROR:process_memory_win.cc(73)] ReadMemory at 0x7ff9fd4b0000 of 64 bytes failed: Only part of a ReadProcessMemory or WriteProcessMemory request was completed. (0x12B)
[0911/165928.660:WARNING:pe_image_reader.cc(340)] could not read dos header from C:\WINDOWS\System32\bcryptPrimitives.dll
[0911/165928.660:ERROR:process_memory_win.cc(73)] ReadMemory at 0x7ff9fdec0000 of 64 bytes failed: Only part of a ReadProcessMemory or WriteProcessMemory request was completed. (0x12B)
[0911/165928.660:WARNING:pe_image_reader.cc(340)] could not read dos header from C:\WINDOWS\System32\ADVAPI32.dll
[0911/165928.660:ERROR:process_memory_win.cc(73)] ReadMemory at 0x7ff9fec60000 of 64 bytes failed: Only part of a ReadProcessMemory or WriteProcessMemory request was completed. (0x12B)
[0911/165928.660:WARNING:pe_image_reader.cc(340)] could not read dos header from C:\WINDOWS\System32\msvcrt.dll
[0911/165928.660:ERROR:process_memory_win.cc(73)] ReadMemory at 0x2842acc0000 of 64 bytes failed: Only part of a ReadProcessMemory or WriteProcessMemory request was completed. (0x12B)
[0911/165928.660:WARNING:pe_image_reader.cc(340)] could not read dos header from C:\WINDOWS\System32\sechost.dll
[0911/165928.660:ERROR:process_memory_win.cc(73)] ReadMemory at 0x7ff9fe900000 of 64 bytes failed: Only part of a ReadProcessMemory or WriteProcessMemory request was completed. (0x12B)
[0911/165928.660:WARNING:pe_image_reader.cc(340)] could not read dos header from C:\WINDOWS\System32\RPCRT4.dll
[0911/165928.661:ERROR:process_memory_win.cc(73)] ReadMemory at 0x7ff98a0f0000 of 64 bytes failed: Only part of a ReadProcessMemory or WriteProcessMemory request was completed. (0x12B)
[0911/165928.661:WARNING:pe_image_reader.cc(340)] could not read dos header from C:\Program Files (x86)\Microsoft\Edge\Application\85.0.564.51\msedge.dll
[0911/165928.661:ERROR:process_memory_win.cc(73)] ReadMemory at 0x7ff9ff520000 of 64 bytes failed: Only part of a ReadProcessMemory or WriteProcessMemory request was completed. (0x12B)
[0911/165928.661:WARNING:pe_image_reader.cc(340)] could not read dos header from C:\WINDOWS\System32\WS2_32.dll
[0911/165928.661:ERROR:process_memory_win.cc(73)] ReadMemory at 0x7ff9fdf70000 of 64 bytes failed: Only part of a ReadProcessMemory or WriteProcessMemory request was completed. (0x12B)
[0911/165928.661:WARNING:pe_image_reader.cc(340)] could not read dos header from C:\WINDOWS\System32\OLEAUT32.dll
[0911/165928.661:ERROR:process_memory_win.cc(73)] ReadMemory at 0x7ff9fc800000 of 64 bytes failed: Only part of a ReadProcessMemory or WriteProcessMemory request was completed. (0x12B)
[0911/165928.661:WARNING:pe_image_reader.cc(340)] could not read dos header from C:\WINDOWS\System32\msvcp_win.dll
[0911/165928.661:ERROR:process_memory_win.cc(73)] ReadMemory at 0x7ff9fd580000 of 64 bytes failed: Only part of a ReadProcessMemory or WriteProcessMemory request was completed. (0x12B)
[0911/165928.661:WARNING:pe_image_reader.cc(340)] could not read dos header from C:\WINDOWS\System32\ucrtbase.dll
[0911/165928.661:ERROR:process_memory_win.cc(73)] ReadMemory at 0x7ff9fd980000 of 64 bytes failed: Only part of a ReadProcessMemory or WriteProcessMemory request was completed. (0x12B)
[0911/165928.661:WARNING:pe_image_reader.cc(340)] could not read dos header from C:\WINDOWS\System32\combase.dll
[0911/165928.661:ERROR:process_memory_win.cc(73)] ReadMemory at 0x7ff9fc7a0000 of 64 bytes failed: Only part of a ReadProcessMemory or WriteProcessMemory request was completed. (0x12B)
[0911/165928.661:WARNING:pe_image_reader.cc(340)] could not read dos header from C:\WINDOWS\System32\WINTRUST.dll
[0911/165928.661:ERROR:process_memory_win.cc(73)] ReadMemory at 0x7ff9fc570000 of 64 bytes failed: Only part of a ReadProcessMemory or WriteProcessMemory request was completed. (0x12B)
[0911/165928.661:WARNING:pe_image_reader.cc(340)] could not read dos header from C:\WINDOWS\System32\MSASN1.dll
[0911/165928.661:ERROR:process_memory_win.cc(73)] ReadMemory at 0x7ff9fc8c0000 of 64 bytes failed: Only part of a ReadProcessMemory or WriteProcessMemory request was completed. (0x12B)
[0911/165928.661:WARNING:pe_image_reader.cc(340)] could not read dos header from C:\WINDOWS\System32\CRYPT32.dll
[0911/165928.661:ERROR:process_memory_win.cc(73)] ReadMemory at 0x7ff9fba40000 of 64 bytes failed: Only part of a ReadProcessMemory or WriteProcessMemory request was completed. (0x12B)
[0911/165928.661:WARNING:pe_image_reader.cc(340)] could not read dos header from C:\WINDOWS\SYSTEM32\IPHLPAPI.DLL
[0911/165928.661:ERROR:process_memory_win.cc(73)] ReadMemory at 0x7ff9f9e10000 of 64 bytes failed: Only part of a ReadProcessMemory or WriteProcessMemory request was completed. (0x12B)
[0911/165928.661:WARNING:pe_image_reader.cc(340)] could not read dos header from C:\WINDOWS\SYSTEM32\WINMM.dll
[0911/165928.661:ERROR:process_memory_win.cc(73)] ReadMemory at 0x7ff9cdee0000 of 64 bytes failed: Only part of a ReadProcessMemory or WriteProcessMemory request was completed. (0x12B)
[0911/165928.661:WARNING:pe_image_reader.cc(340)] could not read dos header from C:\WINDOWS\SYSTEM32\UIAutomationCore.DLL
[0911/165928.661:ERROR:process_memory_win.cc(73)] ReadMemory at 0x7ff9e69e0000 of 64 bytes failed: Only part of a ReadProcessMemory or WriteProcessMemory request was completed. (0x12B)
[0911/165928.661:WARNING:pe_image_reader.cc(340)] could not read dos header from C:\WINDOWS\SYSTEM32\Secur32.dll
[0911/165928.661:ERROR:process_memory_win.cc(73)] ReadMemory at 0x7ff9fc450000 of 64 bytes failed: Only part of a ReadProcessMemory or WriteProcessMemory request was completed. (0x12B)
[0911/165928.661:WARNING:pe_image_reader.cc(340)] could not read dos header from C:\WINDOWS\SYSTEM32\USERENV.dll
[0911/165928.661:ERROR:process_memory_win.cc(73)] ReadMemory at 0x7ff9fc540000 of 64 bytes failed: Only part of a ReadProcessMemory or WriteProcessMemory request was completed. (0x12B)
[0911/165928.662:WARNING:pe_image_reader.cc(340)] could not read dos header from C:\WINDOWS\System32\profapi.dll
[0911/165928.662:ERROR:process_memory_win.cc(73)] ReadMemory at 0x7ff9eb5f0000 of 64 bytes failed: Only part of a ReadProcessMemory or WriteProcessMemory request was completed. (0x12B)
[0911/165928.662:WARNING:pe_image_reader.cc(340)] could not read dos header from C:\WINDOWS\SYSTEM32\WINHTTP.dll
[0911/165928.662:ERROR:process_memory_win.cc(73)] ReadMemory at 0x7ff9ed190000 of 64 bytes failed: Only part of a ReadProcessMemory or WriteProcessMemory request was completed. (0x12B)
[0911/165928.662:WARNING:pe_image_reader.cc(340)] could not read dos header from C:\WINDOWS\SYSTEM32\DWrite.dll
[0911/165928.662:ERROR:process_memory_win.cc(73)] ReadMemory at 0x7ff9ebbe0000 of 64 bytes failed: Only part of a ReadProcessMemory or WriteProcessMemory request was completed. (0x12B)
[0911/165928.662:WARNING:pe_image_reader.cc(340)] could not read dos header from C:\WINDOWS\SYSTEM32\WINSPOOL.DRV
[0911/165928.662:ERROR:process_memory_win.cc(73)] ReadMemory at 0x7ff9fc590000 of 64 bytes failed: Only part of a ReadProcessMemory or WriteProcessMemory request was completed. (0x12B)
[0911/165928.662:WARNING:pe_image_reader.cc(340)] could not read dos header from C:\WINDOWS\System32\kernel.appcore.dll
[0911/165928.662:ERROR:process_memory_win.cc(73)] ReadMemory at 0x7ff9fd480000 of 64 bytes failed: Only part of a ReadProcessMemory or WriteProcessMemory request was completed. (0x12B)
[0911/165928.662:WARNING:pe_image_reader.cc(340)] could not read dos header from C:\WINDOWS\System32\bcrypt.dll
[0911/165928.662:ERROR:process_memory_win.cc(73)] ReadMemory at 0x7ff9fae50000 of 64 bytes failed: Only part of a ReadProcessMemory or WriteProcessMemory request was completed. (0x12B)
[0911/165928.662:WARNING:pe_image_reader.cc(340)] could not read dos header from C:\WINDOWS\SYSTEM32\dbghelp.dll
[0911/165928.663:ERROR:process_memory_win.cc(73)] ReadMemory at 0x7ff9fc060000 of 64 bytes failed: Only part of a ReadProcessMemory or WriteProcessMemory request was completed. (0x12B)
[0911/165928.663:WARNING:pe_image_reader.cc(340)] could not read dos header from C:\WINDOWS\SYSTEM32\ncrypt.dll
[0911/165928.663:ERROR:process_memory_win.cc(73)] ReadMemory at 0x7ff9f60e0000 of 64 bytes failed: Only part of a ReadProcessMemory or WriteProcessMemory request was completed. (0x12B)
[0911/165928.663:WARNING:pe_image_reader.cc(340)] could not read dos header from C:\WINDOWS\SYSTEM32\dhcpcsvc.DLL
[0911/165928.663:ERROR:process_memory_win.cc(73)] ReadMemory at 0x7ff9fea20000 of 64 bytes failed: Only part of a ReadProcessMemory or WriteProcessMemory request was completed. (0x12B)
[0911/165928.663:WARNING:pe_image_reader.cc(340)] could not read dos header from C:\WINDOWS\System32\NSI.dll
[0911/165928.663:ERROR:process_memory_win.cc(73)] ReadMemory at 0x7ff9f97f0000 of 64 bytes failed: Only part of a ReadProcessMemory or WriteProcessMemory request was completed. (0x12B)
[0911/165928.663:WARNING:pe_image_reader.cc(340)] could not read dos header from C:\WINDOWS\SYSTEM32\WINMMBASE.dll
[0911/165928.663:ERROR:process_memory_win.cc(73)] ReadMemory at 0x7ff9fd530000 of 64 bytes failed: Only part of a ReadProcessMemory or WriteProcessMemory request was completed. (0x12B)
[0911/165928.663:WARNING:pe_image_reader.cc(340)] could not read dos header from C:\WINDOWS\System32\cfgmgr32.dll
[0911/165928.663:ERROR:process_memory_win.cc(73)] ReadMemory at 0x7ff9f8aa0000 of 64 bytes failed: Only part of a ReadProcessMemory or WriteProcessMemory request was completed. (0x12B)
[0911/165928.663:WARNING:pe_image_reader.cc(340)] could not read dos header from C:\WINDOWS\SYSTEM32\PROPSYS.dll
[0911/165928.663:ERROR:process_memory_win.cc(73)] ReadMemory at 0x7ff9fed00000 of 64 bytes failed: Only part of a ReadProcessMemory or WriteProcessMemory request was completed. (0x12B)
[0911/165928.663:WARNING:pe_image_reader.cc(340)] could not read dos header from C:\WINDOWS\System32\shcore.dll
[0911/165928.663:ERROR:process_memory_win.cc(73)] ReadMemory at 0x7ff9fc020000 of 64 bytes failed: Only part of a ReadProcessMemory or WriteProcessMemory request was completed. (0x12B)
[0911/165928.663:WARNING:pe_image_reader.cc(340)] could not read dos header from C:\WINDOWS\SYSTEM32\NTASN1.dll
[0911/165928.663:ERROR:process_memory_win.cc(73)] ReadMemory at 0x7ff9fc420000 of 64 bytes failed: Only part of a ReadProcessMemory or WriteProcessMemory request was completed. (0x12B)
[0911/165928.663:WARNING:pe_image_reader.cc(340)] could not read dos header from C:\WINDOWS\SYSTEM32\SSPICLI.DLL
[0911/165928.663:ERROR:process_memory_win.cc(73)] ReadMemory at 0x7ff9fbf00000 of 64 bytes failed: Only part of a ReadProcessMemory or WriteProcessMemory request was completed. (0x12B)
[0911/165928.663:WARNING:pe_image_reader.cc(340)] could not read dos header from C:\WINDOWS\SYSTEM32\CRYPTBASE.DLL
[0911/165928.672:ERROR:process_memory_win.cc(73)] ReadMemory at 0x7ff6238e0000 of 64 bytes failed: Only part of a ReadProcessMemory or WriteProcessMemory request was completed. (0x12B)
[0911/165928.672:WARNING:pe_image_reader.cc(340)] could not read dos header from C:\Program Files (x86)\Microsoft\Edge\Application\msedge.exe
[0911/165928.672:ERROR:process_memory_win.cc(73)] ReadMemory at 0x7ff9ff680000 of 64 bytes failed: Only part of a ReadProcessMemory or WriteProcessMemory request was completed. (0x12B)
[0911/165928.672:WARNING:pe_image_reader.cc(340)] could not read dos header from C:\WINDOWS\SYSTEM32\ntdll.dll
[0911/165928.672:ERROR:process_memory_win.cc(73)] ReadMemory at 0x7ff9fee80000 of 64 bytes failed: Only part of a ReadProcessMemory or WriteProcessMemory request was completed. (0x12B)
[0911/165928.672:WARNING:pe_image_reader.cc(340)] could not read dos header from C:\WINDOWS\System32\KERNEL32.DLL
[0911/165928.672:ERROR:process_memory_win.cc(73)] ReadMemory at 0x7ff9fca10000 of 64 bytes failed: Only part of a ReadProcessMemory or WriteProcessMemory request was completed. (0x12B)
[0911/165928.672:WARNING:pe_image_reader.cc(340)] could not read dos header from C:\WINDOWS\System32\KERNELBASE.dll
[0911/165928.672:ERROR:process_memory_win.cc(73)] ReadMemory at 0x7ff9c6330000 of 64 bytes failed: Only part of a ReadProcessMemory or WriteProcessMemory request was completed. (0x12B)
[0911/165928.672:WARNING:pe_image_reader.cc(340)] could not read dos header from C:\Program Files (x86)\Microsoft\Edge\Application\85.0.564.51\msedge_elf.dll
[0911/165928.672:ERROR:process_memory_win.cc(73)] ReadMemory at 0x7ff9fd4b0000 of 64 bytes failed: Only part of a ReadProcessMemory or WriteProcessMemory request was completed. (0x12B)
[0911/165928.673:WARNING:pe_image_reader.cc(340)] could not read dos header from C:\WINDOWS\System32\bcryptPrimitives.dll
[0911/165928.673:ERROR:process_memory_win.cc(73)] ReadMemory at 0x7ff9fdec0000 of 64 bytes failed: Only part of a ReadProcessMemory or WriteProcessMemory request was completed. (0x12B)
[0911/165928.673:WARNING:pe_image_reader.cc(340)] could not read dos header from C:\WINDOWS\System32\ADVAPI32.dll
[0911/165928.673:ERROR:process_memory_win.cc(73)] ReadMemory at 0x7ff9fec60000 of 64 bytes failed: Only part of a ReadProcessMemory or WriteProcessMemory request was completed. (0x12B)
[0911/165928.673:WARNING:pe_image_reader.cc(340)] could not read dos header from C:\WINDOWS\System32\msvcrt.dll
[0911/165928.673:ERROR:process_memory_win.cc(73)] ReadMemory at 0x2842acc0000 of 64 bytes failed: Only part of a ReadProcessMemory or WriteProcessMemory request was completed. (0x12B)
[0911/165928.673:WARNING:pe_image_reader.cc(340)] could not read dos header from C:\WINDOWS\System32\sechost.dll
[0911/165928.673:ERROR:process_memory_win.cc(73)] ReadMemory at 0x7ff9fe900000 of 64 bytes failed: Only part of a ReadProcessMemory or WriteProcessMemory request was completed. (0x12B)
[0911/165928.673:WARNING:pe_image_reader.cc(340)] could not read dos header from C:\WINDOWS\System32\RPCRT4.dll
[0911/165928.673:ERROR:process_memory_win.cc(73)] ReadMemory at 0x7ff98a0f0000 of 64 bytes failed: Only part of a ReadProcessMemory or WriteProcessMemory request was completed. (0x12B)
[0911/165928.673:WARNING:pe_image_reader.cc(340)] could not read dos header from C:\Program Files (x86)\Microsoft\Edge\Application\85.0.564.51\msedge.dll
[0911/165928.673:ERROR:process_memory_win.cc(73)] ReadMemory at 0x7ff9ff520000 of 64 bytes failed: Only part of a ReadProcessMemory or WriteProcessMemory request was completed. (0x12B)
[0911/165928.673:WARNING:pe_image_reader.cc(340)] could not read dos header from C:\WINDOWS\System32\WS2_32.dll
[0911/165928.673:ERROR:process_memory_win.cc(73)] ReadMemory at 0x7ff9fdf70000 of 64 bytes failed: Only part of a ReadProcessMemory or WriteProcessMemory request was completed. (0x12B)
[0911/165928.673:WARNING:pe_image_reader.cc(340)] could not read dos header from C:\WINDOWS\System32\OLEAUT32.dll
[0911/165928.673:ERROR:process_memory_win.cc(73)] ReadMemory at 0x7ff9fc800000 of 64 bytes failed: Only part of a ReadProcessMemory or WriteProcessMemory request was completed. (0x12B)
[0911/165928.673:WARNING:pe_image_reader.cc(340)] could not read dos header from C:\WINDOWS\System32\msvcp_win.dll
[0911/165928.673:ERROR:process_memory_win.cc(73)] ReadMemory at 0x7ff9fd580000 of 64 bytes failed: Only part of a ReadProcessMemory or WriteProcessMemory request was completed. (0x12B)
[0911/165928.673:WARNING:pe_image_reader.cc(340)] could not read dos header from C:\WINDOWS\System32\ucrtbase.dll
[0911/165928.673:ERROR:process_memory_win.cc(73)] ReadMemory at 0x7ff9fd980000 of 64 bytes failed: Only part of a ReadProcessMemory or WriteProcessMemory request was completed. (0x12B)
[0911/165928.673:WARNING:pe_image_reader.cc(340)] could not read dos header from C:\WINDOWS\System32\combase.dll
[0911/165928.673:ERROR:process_memory_win.cc(73)] ReadMemory at 0x7ff9fc7a0000 of 64 bytes failed: Only part of a ReadProcessMemory or WriteProcessMemory request was completed. (0x12B)
[0911/165928.674:WARNING:pe_image_reader.cc(340)] could not read dos header from C:\WINDOWS\System32\WINTRUST.dll
[0911/165928.674:ERROR:process_memory_win.cc(73)] ReadMemory at 0x7ff9fc570000 of 64 bytes failed: Only part of a ReadProcessMemory or WriteProcessMemory request was completed. (0x12B)
[0911/165928.674:WARNING:pe_image_reader.cc(340)] could not read dos header from C:\WINDOWS\System32\MSASN1.dll
[0911/165928.674:ERROR:process_memory_win.cc(73)] ReadMemory at 0x7ff9fc8c0000 of 64 bytes failed: Only part of a ReadProcessMemory or WriteProcessMemory request was completed. (0x12B)
[0911/165928.674:WARNING:pe_image_reader.cc(340)] could not read dos header from C:\WINDOWS\System32\CRYPT32.dll
[0911/165928.674:ERROR:process_memory_win.cc(73)] ReadMemory at 0x7ff9fba40000 of 64 bytes failed: Only part of a ReadProcessMemory or WriteProcessMemory request was completed. (0x12B)
[0911/165928.674:WARNING:pe_image_reader.cc(340)] could not read dos header from C:\WINDOWS\SYSTEM32\IPHLPAPI.DLL
[0911/165928.674:ERROR:process_memory_win.cc(73)] ReadMemory at 0x7ff9f9e10000 of 64 bytes failed: Only part of a ReadProcessMemory or WriteProcessMemory request was completed. (0x12B)
[0911/165928.674:WARNING:pe_image_reader.cc(340)] could not read dos header from C:\WINDOWS\SYSTEM32\WINMM.dll
[0911/165928.674:ERROR:process_memory_win.cc(73)] ReadMemory at 0x7ff9cdee0000 of 64 bytes failed: Only part of a ReadProcessMemory or WriteProcessMemory request was completed. (0x12B)
[0911/165928.674:WARNING:pe_image_reader.cc(340)] could not read dos header from C:\WINDOWS\SYSTEM32\UIAutomationCore.DLL
[0911/165928.674:ERROR:process_memory_win.cc(73)] ReadMemory at 0x7ff9e69e0000 of 64 bytes failed: Only part of a ReadProcessMemory or WriteProcessMemory request was completed. (0x12B)
[0911/165928.674:WARNING:pe_image_reader.cc(340)] could not read dos header from C:\WINDOWS\SYSTEM32\Secur32.dll
[0911/165928.674:ERROR:process_memory_win.cc(73)] ReadMemory at 0x7ff9fc450000 of 64 bytes failed: Only part of a ReadProcessMemory or WriteProcessMemory request was completed. (0x12B)
[0911/165928.674:WARNING:pe_image_reader.cc(340)] could not read dos header from C:\WINDOWS\SYSTEM32\USERENV.dll
[0911/165928.674:ERROR:process_memory_win.cc(73)] ReadMemory at 0x7ff9fc540000 of 64 bytes failed: Only part of a ReadProcessMemory or WriteProcessMemory request was completed. (0x12B)
[0911/165928.674:WARNING:pe_image_reader.cc(340)] could not read dos header from C:\WINDOWS\System32\profapi.dll
[0911/165928.674:ERROR:process_memory_win.cc(73)] ReadMemory at 0x7ff9eb5f0000 of 64 bytes failed: Only part of a ReadProcessMemory or WriteProcessMemory request was completed. (0x12B)
[0911/165928.674:WARNING:pe_image_reader.cc(340)] could not read dos header from C:\WINDOWS\SYSTEM32\WINHTTP.dll
[0911/165928.674:ERROR:process_memory_win.cc(73)] ReadMemory at 0x7ff9ed190000 of 64 bytes failed: Only part of a ReadProcessMemory or WriteProcessMemory request was completed. (0x12B)
[0911/165928.674:WARNING:pe_image_reader.cc(340)] could not read dos header from C:\WINDOWS\SYSTEM32\DWrite.dll
[0911/165928.675:ERROR:process_memory_win.cc(73)] ReadMemory at 0x7ff9ebbe0000 of 64 bytes failed: Only part of a ReadProcessMemory or WriteProcessMemory request was completed. (0x12B)
[0911/165928.675:WARNING:pe_image_reader.cc(340)] could not read dos header from C:\WINDOWS\SYSTEM32\WINSPOOL.DRV
[0911/165928.675:ERROR:process_memory_win.cc(73)] ReadMemory at 0x7ff9fc590000 of 64 bytes failed: Only part of a ReadProcessMemory or WriteProcessMemory request was completed. (0x12B)
[0911/165928.675:WARNING:pe_image_reader.cc(340)] could not read dos header from C:\WINDOWS\System32\kernel.appcore.dll
[0911/165928.675:ERROR:process_memory_win.cc(73)] ReadMemory at 0x7ff9fd480000 of 64 bytes failed: Only part of a ReadProcessMemory or WriteProcessMemory request was completed. (0x12B)
[0911/165928.675:WARNING:pe_image_reader.cc(340)] could not read dos header from C:\WINDOWS\System32\bcrypt.dll
[0911/165928.675:ERROR:process_memory_win.cc(73)] ReadMemory at 0x7ff9fae50000 of 64 bytes failed: Only part of a ReadProcessMemory or WriteProcessMemory request was completed. (0x12B)
[0911/165928.675:WARNING:pe_image_reader.cc(340)] could not read dos header from C:\WINDOWS\SYSTEM32\dbghelp.dll
[0911/165928.675:ERROR:process_memory_win.cc(73)] ReadMemory at 0x7ff9fc060000 of 64 bytes failed: Only part of a ReadProcessMemory or WriteProcessMemory request was completed. (0x12B)
[0911/165928.675:WARNING:pe_image_reader.cc(340)] could not read dos header from C:\WINDOWS\SYSTEM32\ncrypt.dll
[0911/165928.675:ERROR:process_memory_win.cc(73)] ReadMemory at 0x7ff9f60e0000 of 64 bytes failed: Only part of a ReadProcessMemory or WriteProcessMemory request was completed. (0x12B)
[0911/165928.675:WARNING:pe_image_reader.cc(340)] could not read dos header from C:\WINDOWS\SYSTEM32\dhcpcsvc.DLL
[0911/165928.675:ERROR:process_memory_win.cc(73)] ReadMemory at 0x7ff9fea20000 of 64 bytes failed: Only part of a ReadProcessMemory or WriteProcessMemory request was completed. (0x12B)
[0911/165928.675:WARNING:pe_image_reader.cc(340)] could not read dos header from C:\WINDOWS\System32\NSI.dll
[0911/165928.675:ERROR:process_memory_win.cc(73)] ReadMemory at 0x7ff9f97f0000 of 64 bytes failed: Only part of a ReadProcessMemory or WriteProcessMemory request was completed. (0x12B)
[0911/165928.675:WARNING:pe_image_reader.cc(340)] could not read dos header from C:\WINDOWS\SYSTEM32\WINMMBASE.dll
[0911/165928.675:ERROR:process_memory_win.cc(73)] ReadMemory at 0x7ff9fd530000 of 64 bytes failed: Only part of a ReadProcessMemory or WriteProcessMemory request was completed. (0x12B)
[0911/165928.675:WARNING:pe_image_reader.cc(340)] could not read dos header from C:\WINDOWS\System32\cfgmgr32.dll
[0911/165928.675:ERROR:process_memory_win.cc(73)] ReadMemory at 0x7ff9f8aa0000 of 64 bytes failed: Only part of a ReadProcessMemory or WriteProcessMemory request was completed. (0x12B)
[0911/165928.675:WARNING:pe_image_reader.cc(340)] could not read dos header from C:\WINDOWS\SYSTEM32\PROPSYS.dll
[0911/165928.675:ERROR:process_memory_win.cc(73)] ReadMemory at 0x7ff9fed00000 of 64 bytes failed: Only part of a ReadProcessMemory or WriteProcessMemory request was completed. (0x12B)
[0911/165928.675:WARNING:pe_image_reader.cc(340)] could not read dos header from C:\WINDOWS\System32\shcore.dll
[0911/165928.675:ERROR:process_memory_win.cc(73)] ReadMemory at 0x7ff9fc020000 of 64 bytes failed: Only part of a ReadProcessMemory or WriteProcessMemory request was completed. (0x12B)
[0911/165928.675:WARNING:pe_image_reader.cc(340)] could not read dos header from C:\WINDOWS\SYSTEM32\NTASN1.dll
[0911/165928.675:ERROR:process_memory_win.cc(73)] ReadMemory at 0x7ff9fc420000 of 64 bytes failed: Only part of a ReadProcessMemory or WriteProcessMemory request was completed. (0x12B)
[0911/165928.675:WARNING:pe_image_reader.cc(340)] could not read dos header from C:\WINDOWS\SYSTEM32\SSPICLI.DLL
[0911/165928.675:ERROR:process_memory_win.cc(73)] ReadMemory at 0x7ff9fbf00000 of 64 bytes failed: Only part of a ReadProcessMemory or WriteProcessMemory request was completed. (0x12B)
[0911/165928.675:WARNING:pe_image_reader.cc(340)] could not read dos header from C:\WINDOWS\SYSTEM32\CRYPTBASE.DLL
[0911/165928.675:ERROR:process_memory_win.cc(73)] ReadMemory at 0x7ff6238e0000 of 64 bytes failed: Only part of a ReadProcessMemory or WriteProcessMemory request was completed. (0x12B)
[0911/165928.675:WARNING:pe_image_reader.cc(340)] could not read dos header from C:\Program Files (x86)\Microsoft\Edge\Application\msedge.exe
[0911/165928.675:ERROR:process_memory_win.cc(73)] ReadMemory at 0x7ff9ff680000 of 64 bytes failed: Only part of a ReadProcessMemory or WriteProcessMemory request was completed. (0x12B)
[0911/165928.675:WARNING:pe_image_reader.cc(340)] could not read dos header from C:\WINDOWS\SYSTEM32\ntdll.dll
[0911/165928.675:ERROR:process_memory_win.cc(73)] ReadMemory at 0x7ff9fee80000 of 64 bytes failed: Only part of a ReadProcessMemory or WriteProcessMemory request was completed. (0x12B)
[0911/165928.675:WARNING:pe_image_reader.cc(340)] could not read dos header from C:\WINDOWS\System32\KERNEL32.DLL
[0911/165928.675:ERROR:process_memory_win.cc(73)] ReadMemory at 0x7ff9fca10000 of 64 bytes failed: Only part of a ReadProcessMemory or WriteProcessMemory request was completed. (0x12B)
[0911/165928.675:WARNING:pe_image_reader.cc(340)] could not read dos header from C:\WINDOWS\System32\KERNELBASE.dll
[0911/165928.675:ERROR:process_memory_win.cc(73)] ReadMemory at 0x7ff9c6330000 of 64 bytes failed: Only part of a ReadProcessMemory or WriteProcessMemory request was completed. (0x12B)
[0911/165928.676:WARNING:pe_image_reader.cc(340)] could not read dos header from C:\Program Files (x86)\Microsoft\Edge\Application\85.0.564.51\msedge_elf.dll
[0911/165928.676:ERROR:process_memory_win.cc(73)] ReadMemory at 0x7ff9fd4b0000 of 64 bytes failed: Only part of a ReadProcessMemory or WriteProcessMemory request was completed. (0x12B)
[0911/165928.676:WARNING:pe_image_reader.cc(340)] could not read dos header from C:\WINDOWS\System32\bcryptPrimitives.dll
[0911/165928.676:ERROR:process_memory_win.cc(73)] ReadMemory at 0x7ff9fdec0000 of 64 bytes failed: Only part of a ReadProcessMemory or WriteProcessMemory request was completed. (0x12B)
[0911/165928.676:WARNING:pe_image_reader.cc(340)] could not read dos header from C:\WINDOWS\System32\ADVAPI32.dll
[0911/165928.676:ERROR:process_memory_win.cc(73)] ReadMemory at 0x7ff9fec60000 of 64 bytes failed: Only part of a ReadProcessMemory or WriteProcessMemory request was completed. (0x12B)
[0911/165928.676:WARNING:pe_image_reader.cc(340)] could not read dos header from C:\WINDOWS\System32\msvcrt.dll
[0911/165928.676:ERROR:process_memory_win.cc(73)] ReadMemory at 0x2842acc0000 of 64 bytes failed: Only part of a ReadProcessMemory or WriteProcessMemory request was completed. (0x12B)
[0911/165928.676:WARNING:pe_image_reader.cc(340)] could not read dos header from C:\WINDOWS\System32\sechost.dll
[0911/165928.676:ERROR:process_memory_win.cc(73)] ReadMemory at 0x7ff9fe900000 of 64 bytes failed: Only part of a ReadProcessMemory or WriteProcessMemory request was completed. (0x12B)
[0911/165928.676:WARNING:pe_image_reader.cc(340)] could not read dos header from C:\WINDOWS\System32\RPCRT4.dll
[0911/165928.676:ERROR:process_memory_win.cc(73)] ReadMemory at 0x7ff98a0f0000 of 64 bytes failed: Only part of a ReadProcessMemory or WriteProcessMemory request was completed. (0x12B)
[0911/165928.676:WARNING:pe_image_reader.cc(340)] could not read dos header from C:\Program Files (x86)\Microsoft\Edge\Application\85.0.564.51\msedge.dll
[0911/165928.676:ERROR:process_memory_win.cc(73)] ReadMemory at 0x7ff9ff520000 of 64 bytes failed: Only part of a ReadProcessMemory or WriteProcessMemory request was completed. (0x12B)
[0911/165928.676:WARNING:pe_image_reader.cc(340)] could not read dos header from C:\WINDOWS\System32\WS2_32.dll
[0911/165928.676:ERROR:process_memory_win.cc(73)] ReadMemory at 0x7ff9fdf70000 of 64 bytes failed: Only part of a ReadProcessMemory or WriteProcessMemory request was completed. (0x12B)
[0911/165928.676:WARNING:pe_image_reader.cc(340)] could not read dos header from C:\WINDOWS\System32\OLEAUT32.dll
[0911/165928.676:ERROR:process_memory_win.cc(73)] ReadMemory at 0x7ff9fc800000 of 64 bytes failed: Only part of a ReadProcessMemory or WriteProcessMemory request was completed. (0x12B)
[0911/165928.676:WARNING:pe_image_reader.cc(340)] could not read dos header from C:\WINDOWS\System32\msvcp_win.dll
[0911/165928.676:ERROR:process_memory_win.cc(73)] ReadMemory at 0x7ff9fd580000 of 64 bytes failed: Only part of a ReadProcessMemory or WriteProcessMemory request was completed. (0x12B)
[0911/165928.676:WARNING:pe_image_reader.cc(340)] could not read dos header from C:\WINDOWS\System32\ucrtbase.dll
[0911/165928.676:ERROR:process_memory_win.cc(73)] ReadMemory at 0x7ff9fd980000 of 64 bytes failed: Only part of a ReadProcessMemory or WriteProcessMemory request was completed. (0x12B)
[0911/165928.676:WARNING:pe_image_reader.cc(340)] could not read dos header from C:\WINDOWS\System32\combase.dll
[0911/165928.676:ERROR:process_memory_win.cc(73)] ReadMemory at 0x7ff9fc7a0000 of 64 bytes failed: Only part of a ReadProcessMemory or WriteProcessMemory request was completed. (0x12B)
[0911/165928.676:WARNING:pe_image_reader.cc(340)] could not read dos header from C:\WINDOWS\System32\WINTRUST.dll
[0911/165928.676:ERROR:process_memory_win.cc(73)] ReadMemory at 0x7ff9fc570000 of 64 bytes failed: Only part of a ReadProcessMemory or WriteProcessMemory request was completed. (0x12B)
[0911/165928.676:WARNING:pe_image_reader.cc(340)] could not read dos header from C:\WINDOWS\System32\MSASN1.dll
[0911/165928.676:ERROR:process_memory_win.cc(73)] ReadMemory at 0x7ff9fc8c0000 of 64 bytes failed: Only part of a ReadProcessMemory or WriteProcessMemory request was completed. (0x12B)
[0911/165928.676:WARNING:pe_image_reader.cc(340)] could not read dos header from C:\WINDOWS\System32\CRYPT32.dll
[0911/165928.676:ERROR:process_memory_win.cc(73)] ReadMemory at 0x7ff9fba40000 of 64 bytes failed: Only part of a ReadProcessMemory or WriteProcessMemory request was completed. (0x12B)
[0911/165928.676:WARNING:pe_image_reader.cc(340)] could not read dos header from C:\WINDOWS\SYSTEM32\IPHLPAPI.DLL
[0911/165928.676:ERROR:process_memory_win.cc(73)] ReadMemory at 0x7ff9f9e10000 of 64 bytes failed: Only part of a ReadProcessMemory or WriteProcessMemory request was completed. (0x12B)
[0911/165928.676:WARNING:pe_image_reader.cc(340)] could not read dos header from C:\WINDOWS\SYSTEM32\WINMM.dll
[0911/165928.676:ERROR:process_memory_win.cc(73)] ReadMemory at 0x7ff9cdee0000 of 64 bytes failed: Only part of a ReadProcessMemory or WriteProcessMemory request was completed. (0x12B)
[0911/165928.676:WARNING:pe_image_reader.cc(340)] could not read dos header from C:\WINDOWS\SYSTEM32\UIAutomationCore.DLL
[0911/165928.676:ERROR:process_memory_win.cc(73)] ReadMemory at 0x7ff9e69e0000 of 64 bytes failed: Only part of a ReadProcessMemory or WriteProcessMemory request was completed. (0x12B)
[0911/165928.676:WARNING:pe_image_reader.cc(340)] could not read dos header from C:\WINDOWS\SYSTEM32\Secur32.dll
[0911/165928.676:ERROR:process_memory_win.cc(73)] ReadMemory at 0x7ff9fc450000 of 64 bytes failed: Only part of a ReadProcessMemory or WriteProcessMemory request was completed. (0x12B)
[0911/165928.676:WARNING:pe_image_reader.cc(340)] could not read dos header from C:\WINDOWS\SYSTEM32\USERENV.dll
[0911/165928.676:ERROR:process_memory_win.cc(73)] ReadMemory at 0x7ff9fc540000 of 64 bytes failed: Only part of a ReadProcessMemory or WriteProcessMemory request was completed. (0x12B)
[0911/165928.676:WARNING:pe_image_reader.cc(340)] could not read dos header from C:\WINDOWS\System32\profapi.dll
[0911/165928.676:ERROR:process_memory_win.cc(73)] ReadMemory at 0x7ff9eb5f0000 of 64 bytes failed: Only part of a ReadProcessMemory or WriteProcessMemory request was completed. (0x12B)
[0911/165928.677:WARNING:pe_image_reader.cc(340)] could not read dos header from C:\WINDOWS\SYSTEM32\WINHTTP.dll
[0911/165928.677:ERROR:process_memory_win.cc(73)] ReadMemory at 0x7ff9ed190000 of 64 bytes failed: Only part of a ReadProcessMemory or WriteProcessMemory request was completed. (0x12B)
[0911/165928.677:WARNING:pe_image_reader.cc(340)] could not read dos header from C:\WINDOWS\SYSTEM32\DWrite.dll
[0911/165928.677:ERROR:process_memory_win.cc(73)] ReadMemory at 0x7ff9ebbe0000 of 64 bytes failed: Only part of a ReadProcessMemory or WriteProcessMemory request was completed. (0x12B)
[0911/165928.677:WARNING:pe_image_reader.cc(340)] could not read dos header from C:\WINDOWS\SYSTEM32\WINSPOOL.DRV
[0911/165928.677:ERROR:process_memory_win.cc(73)] ReadMemory at 0x7ff9fc590000 of 64 bytes failed: Only part of a ReadProcessMemory or WriteProcessMemory request was completed. (0x12B)
[0911/165928.677:WARNING:pe_image_reader.cc(340)] could not read dos header from C:\WINDOWS\System32\kernel.appcore.dll
[0911/165928.677:ERROR:process_memory_win.cc(73)] ReadMemory at 0x7ff9fd480000 of 64 bytes failed: Only part of a ReadProcessMemory or WriteProcessMemory request was completed. (0x12B)
[0911/165928.677:WARNING:pe_image_reader.cc(340)] could not read dos header from C:\WINDOWS\System32\bcrypt.dll
[0911/165928.677:ERROR:process_memory_win.cc(73)] ReadMemory at 0x7ff9fae50000 of 64 bytes failed: Only part of a ReadProcessMemory or WriteProcessMemory request was completed. (0x12B)
[0911/165928.677:WARNING:pe_image_reader.cc(340)] could not read dos header from C:\WINDOWS\SYSTEM32\dbghelp.dll
[0911/165928.677:ERROR:process_memory_win.cc(73)] ReadMemory at 0x7ff9fc060000 of 64 bytes failed: Only part of a ReadProcessMemory or WriteProcessMemory request was completed. (0x12B)
[0911/165928.677:WARNING:pe_image_reader.cc(340)] could not read dos header from C:\WINDOWS\SYSTEM32\ncrypt.dll
[0911/165928.677:ERROR:process_memory_win.cc(73)] ReadMemory at 0x7ff9f60e0000 of 64 bytes failed: Only part of a ReadProcessMemory or WriteProcessMemory request was completed. (0x12B)
[0911/165928.677:WARNING:pe_image_reader.cc(340)] could not read dos header from C:\WINDOWS\SYSTEM32\dhcpcsvc.DLL
[0911/165928.677:ERROR:process_memory_win.cc(73)] ReadMemory at 0x7ff9fea20000 of 64 bytes failed: Only part of a ReadProcessMemory or WriteProcessMemory request was completed. (0x12B)
[0911/165928.677:WARNING:pe_image_reader.cc(340)] could not read dos header from C:\WINDOWS\System32\NSI.dll
[0911/165928.677:ERROR:process_memory_win.cc(73)] ReadMemory at 0x7ff9f97f0000 of 64 bytes failed: Only part of a ReadProcessMemory or WriteProcessMemory request was completed. (0x12B)
[0911/165928.677:WARNING:pe_image_reader.cc(340)] could not read dos header from C:\WINDOWS\SYSTEM32\WINMMBASE.dll
[0911/165928.677:ERROR:process_memory_win.cc(73)] ReadMemory at 0x7ff9fd530000 of 64 bytes failed: Only part of a ReadProcessMemory or WriteProcessMemory request was completed. (0x12B)
[0911/165928.677:WARNING:pe_image_reader.cc(340)] could not read dos header from C:\WINDOWS\System32\cfgmgr32.dll
[0911/165928.677:ERROR:process_memory_win.cc(73)] ReadMemory at 0x7ff9f8aa0000 of 64 bytes failed: Only part of a ReadProcessMemory or WriteProcessMemory request was completed. (0x12B)
[0911/165928.677:WARNING:pe_image_reader.cc(340)] could not read dos header from C:\WINDOWS\SYSTEM32\PROPSYS.dll
[0911/165928.677:ERROR:process_memory_win.cc(73)] ReadMemory at 0x7ff9fed00000 of 64 bytes failed: Only part of a ReadProcessMemory or WriteProcessMemory request was completed. (0x12B)
[0911/165928.677:WARNING:pe_image_reader.cc(340)] could not read dos header from C:\WINDOWS\System32\shcore.dll
[0911/165928.677:ERROR:process_memory_win.cc(73)] ReadMemory at 0x7ff9fc020000 of 64 bytes failed: Only part of a ReadProcessMemory or WriteProcessMemory request was completed. (0x12B)
[0911/165928.677:WARNING:pe_image_reader.cc(340)] could not read dos header from C:\WINDOWS\SYSTEM32\NTASN1.dll
[0911/165928.677:ERROR:process_memory_win.cc(73)] ReadMemory at 0x7ff9fc420000 of 64 bytes failed: Only part of a ReadProcessMemory or WriteProcessMemory request was completed. (0x12B)
[0911/165928.677:WARNING:pe_image_reader.cc(340)] could not read dos header from C:\WINDOWS\SYSTEM32\SSPICLI.DLL
[0911/165928.677:ERROR:process_memory_win.cc(73)] ReadMemory at 0x7ff9fbf00000 of 64 bytes failed: Only part of a ReadProcessMemory or WriteProcessMemory request was completed. (0x12B)
[0911/165928.677:WARNING:pe_image_reader.cc(340)] could not read dos header from C:\WINDOWS\SYSTEM32\CRYPTBASE.DLL
[0911/165928.691:ERROR:process_memory_win.cc(73)] ReadMemory at 0x87cd5d3000 of 184320 bytes failed: Only part of a ReadProcessMemory or WriteProcessMemory request was completed. (0x12B)
[0911/165928.691:ERROR:process_memory_win.cc(73)] ReadMemory at 0x87cddff000 of 4096 bytes failed: Only part of a ReadProcessMemory or WriteProcessMemory request was completed. (0x12B)
[0911/165928.691:ERROR:process_memory_win.cc(73)] ReadMemory at 0x87ce5fd000 of 12288 bytes failed: Only part of a ReadProcessMemory or WriteProcessMemory request was completed. (0x12B)
[0911/165928.691:ERROR:process_memory_win.cc(73)] ReadMemory at 0x87cf5fc000 of 16384 bytes failed: Only part of a ReadProcessMemory or WriteProcessMemory request was completed. (0x12B)
[0911/165928.691:ERROR:process_memory_win.cc(73)] ReadMemory at 0x87cfdfc000 of 16384 bytes failed: Only part of a ReadProcessMemory or WriteProcessMemory request was completed. (0x12B)
[0911/165928.691:ERROR:process_memory_win.cc(73)] ReadMemory at 0x87d05fd000 of 12288 bytes failed: Only part of a ReadProcessMemory or WriteProcessMemory request was completed. (0x12B)
[0911/165928.692:ERROR:process_memory_win.cc(73)] ReadMemory at 0x87d0dfc000 of 16384 bytes failed: Only part of a ReadProcessMemory or WriteProcessMemory request was completed. (0x12B)
[0911/165928.692:ERROR:process_memory_win.cc(73)] ReadMemory at 0x87d15fd000 of 12288 bytes failed: Only part of a ReadProcessMemory or WriteProcessMemory request was completed. (0x12B)
[0911/165928.692:ERROR:process_memory_win.cc(73)] ReadMemory at 0x87d1df6000 of 40960 bytes failed: Only part of a ReadProcessMemory or WriteProcessMemory request was completed. (0x12B)
[0911/165928.692:ERROR:process_memory_win.cc(73)] ReadMemory at 0x87d25f5000 of 45056 bytes failed: Only part of a ReadProcessMemory or WriteProcessMemory request was completed. (0x12B)
[0911/165928.692:ERROR:process_memory_win.cc(73)] ReadMemory at 0x87d2dfd000 of 12288 bytes failed: Only part of a ReadProcessMemory or WriteProcessMemory request was completed. (0x12B)
[0911/165928.692:ERROR:process_memory_win.cc(73)] ReadMemory at 0x87d3dfd000 of 12288 bytes failed: Only part of a ReadProcessMemory or WriteProcessMemory request was completed. (0x12B)
[0911/165928.692:ERROR:process_memory_win.cc(73)] ReadMemory at 0x87d35fd000 of 12288 bytes failed: Only part of a ReadProcessMemory or WriteProcessMemory request was completed. (0x12B)
[0911/165928.692:ERROR:process_memory_win.cc(73)] ReadMemory at 0x87d45fd000 of 12288 bytes failed: Only part of a ReadProcessMemory or WriteProcessMemory request was completed. (0x12B)
[0911/165928.692:ERROR:process_memory_win.cc(73)] ReadMemory at 0x87cedfd000 of 12288 bytes failed: Only part of a ReadProcessMemory or WriteProcessMemory request was completed. (0x12B)
[0911/165928.692:ERROR:process_memory_win.cc(73)] ReadMemory at 0x87ccc39000 of 852 bytes failed: Only part of a ReadProcessMemory or WriteProcessMemory request was completed. (0x12B)
[0911/165928.692:ERROR:process_memory_win.cc(73)] ReadMemory at 0x87ccc3a000 of 6024 bytes failed: Only part of a ReadProcessMemory or WriteProcessMemory request was completed. (0x12B)
[0911/165928.692:ERROR:process_memory_win.cc(73)] ReadMemory at 0x87ccc3c000 of 6024 bytes failed: Only part of a ReadProcessMemory or WriteProcessMemory request was completed. (0x12B)
[0911/165928.692:ERROR:process_memory_win.cc(73)] ReadMemory at 0x87ccc3e000 of 6024 bytes failed: Only part of a ReadProcessMemory or WriteProcessMemory request was completed. (0x12B)
[0911/165928.693:ERROR:process_memory_win.cc(73)] ReadMemory at 0x87ccc42000 of 6024 bytes failed: Only part of a ReadProcessMemory or WriteProcessMemory request was completed. (0x12B)
[0911/165928.693:ERROR:process_memory_win.cc(73)] ReadMemory at 0x87ccc44000 of 6024 bytes failed: Only part of a ReadProcessMemory or WriteProcessMemory request was completed. (0x12B)
[0911/165928.693:ERROR:process_memory_win.cc(73)] ReadMemory at 0x87ccc46000 of 6024 bytes failed: Only part of a ReadProcessMemory or WriteProcessMemory request was completed. (0x12B)
[0911/165928.693:ERROR:process_memory_win.cc(73)] ReadMemory at 0x87ccc48000 of 6024 bytes failed: Only part of a ReadProcessMemory or WriteProcessMemory request was completed. (0x12B)
[0911/165928.693:ERROR:process_memory_win.cc(73)] ReadMemory at 0x87ccc4a000 of 6024 bytes failed: Only part of a ReadProcessMemory or WriteProcessMemory request was completed. (0x12B)
[0911/165928.693:ERROR:process_memory_win.cc(73)] ReadMemory at 0x87ccc4c000 of 6024 bytes failed: Only part of a ReadProcessMemory or WriteProcessMemory request was completed. (0x12B)
[0911/165928.693:ERROR:process_memory_win.cc(73)] ReadMemory at 0x87ccc4e000 of 6024 bytes failed: Only part of a ReadProcessMemory or WriteProcessMemory request was completed. (0x12B)
[0911/165928.693:ERROR:process_memory_win.cc(73)] ReadMemory at 0x87ccc50000 of 6024 bytes failed: Only part of a ReadProcessMemory or WriteProcessMemory request was completed. (0x12B)
[0911/165928.693:ERROR:process_memory_win.cc(73)] ReadMemory at 0x87ccc54000 of 6024 bytes failed: Only part of a ReadProcessMemory or WriteProcessMemory request was completed. (0x12B)
[0911/165928.693:ERROR:process_memory_win.cc(73)] ReadMemory at 0x87ccc5e000 of 6024 bytes failed: Only part of a ReadProcessMemory or WriteProcessMemory request was completed. (0x12B)
[0911/165928.693:ERROR:process_memory_win.cc(73)] ReadMemory at 0x87ccc62000 of 6024 bytes failed: Only part of a ReadProcessMemory or WriteProcessMemory request was completed. (0x12B)
[0911/165928.693:ERROR:process_memory_win.cc(73)] ReadMemory at 0x87ccc64000 of 6024 bytes failed: Only part of a ReadProcessMemory or WriteProcessMemory request was completed. (0x12B)
[0911/165928.693:ERROR:process_memory_win.cc(73)] ReadMemory at 0x2842a9d02c0 of 40 bytes failed: Only part of a ReadProcessMemory or WriteProcessMemory request was completed. (0x12B)
[0911/165928.693:ERROR:process_memory_win.cc(73)] ReadMemory at 0x2842a9e02c0 of 40 bytes failed: Only part of a ReadProcessMemory or WriteProcessMemory request was completed. (0x12B)
[0911/165928.693:ERROR:process_memory_win.cc(73)] ReadMemory at 0x2842aa910c0 of 512 bytes failed: Only part of a ReadProcessMemory or WriteProcessMemory request was completed. (0x12B)
[0911/165928.693:ERROR:process_memory_win.cc(73)] ReadMemory at 0x2842aa91e40 of 512 bytes failed: Only part of a ReadProcessMemory or WriteProcessMemory request was completed. (0x12B)
[0911/165928.694:ERROR:process_memory_win.cc(73)] ReadMemory at 0x2842aa92080 of 512 bytes failed: Only part of a ReadProcessMemory or WriteProcessMemory request was completed. (0x12B)
[0911/165928.694:ERROR:process_memory_win.cc(73)] ReadMemory at 0x2842aaf0000 of 384 bytes failed: Only part of a ReadProcessMemory or WriteProcessMemory request was completed. (0x12B)
[0911/165928.694:ERROR:process_memory_win.cc(73)] ReadMemory at 0x2842aaf02c0 of 40 bytes failed: Only part of a ReadProcessMemory or WriteProcessMemory request was completed. (0x12B)
[0911/165928.694:ERROR:process_memory_win.cc(73)] ReadMemory at 0x2842aaf0fe0 of 18182 bytes failed: Only part of a ReadProcessMemory or WriteProcessMemory request was completed. (0x12B)
[0911/165928.694:ERROR:process_memory_win.cc(73)] ReadMemory at 0x2842aaf56f0 of 1012 bytes failed: Only part of a ReadProcessMemory or WriteProcessMemory request was completed. (0x12B)
[0911/165928.694:ERROR:process_memory_win.cc(73)] ReadMemory at 0x2842aaf5d38 of 120 bytes failed: Only part of a ReadProcessMemory or WriteProcessMemory request was completed. (0x12B)
[0911/165928.694:ERROR:process_memory_win.cc(73)] ReadMemory at 0x2842aaf5db2 of 754 bytes failed: Only part of a ReadProcessMemory or WriteProcessMemory request was completed. (0x12B)
[0911/165928.694:ERROR:process_memory_win.cc(73)] ReadMemory at 0x2842aaf60a6 of 120 bytes failed: Only part of a ReadProcessMemory or WriteProcessMemory request was completed. (0x12B)
[0911/165928.694:ERROR:process_memory_win.cc(73)] ReadMemory at 0x2842aaf6120 of 96 bytes failed: Only part of a ReadProcessMemory or WriteProcessMemory request was completed. (0x12B)
[0911/165928.694:ERROR:process_memory_win.cc(73)] ReadMemory at 0x2842aaf6190 of 58 bytes failed: Only part of a ReadProcessMemory or WriteProcessMemory request was completed. (0x12B)
[0911/165928.694:ERROR:process_memory_win.cc(73)] ReadMemory at 0x2842aaf6290 of 132 bytes failed: Only part of a ReadProcessMemory or WriteProcessMemory request was completed. (0x12B)
[0911/165928.694:ERROR:process_memory_win.cc(73)] ReadMemory at 0x2842aaf6420 of 132 bytes failed: Only part of a ReadProcessMemory or WriteProcessMemory request was completed. (0x12B)
[0911/165928.694:ERROR:process_memory_win.cc(73)] ReadMemory at 0x2842aaf69c0 of 132 bytes failed: Only part of a ReadProcessMemory or WriteProcessMemory request was completed. (0x12B)
[0911/165928.694:ERROR:process_memory_win.cc(73)] ReadMemory at 0x2842aaf6b50 of 64 bytes failed: Only part of a ReadProcessMemory or WriteProcessMemory request was completed. (0x12B)
[0911/165928.694:ERROR:process_memory_win.cc(73)] ReadMemory at 0x2842aaf6d10 of 132 bytes failed: Only part of a ReadProcessMemory or WriteProcessMemory request was completed. (0x12B)
[0911/165928.694:ERROR:process_memory_win.cc(73)] ReadMemory at 0x2842aaf6fb0 of 132 bytes failed: Only part of a ReadProcessMemory or WriteProcessMemory request was completed. (0x12B)
[0911/165928.694:ERROR:process_memory_win.cc(73)] ReadMemory at 0x2842aaf7140 of 68 bytes failed: Only part of a ReadProcessMemory or WriteProcessMemory request was completed. (0x12B)
[0911/165928.694:ERROR:process_memory_win.cc(73)] ReadMemory at 0x2842aaf8130 of 152 bytes failed: Only part of a ReadProcessMemory or WriteProcessMemory request was completed. (0x12B)
[0911/165928.695:ERROR:process_memory_win.cc(73)] ReadMemory at 0x2842ab07540 of 64 bytes failed: Only part of a ReadProcessMemory or WriteProcessMemory request was completed. (0x12B)
[0911/165928.695:ERROR:process_memory_win.cc(73)] ReadMemory at 0x2842ab07630 of 60 bytes failed: Only part of a ReadProcessMemory or WriteProcessMemory request was completed. (0x12B)
[0911/165928.695:ERROR:process_memory_win.cc(73)] ReadMemory at 0x2842ab07680 of 62 bytes failed: Only part of a ReadProcessMemory or WriteProcessMemory request was completed. (0x12B)
[0911/165928.695:ERROR:process_memory_win.cc(73)] ReadMemory at 0x2842ab076d0 of 64 bytes failed: Only part of a ReadProcessMemory or WriteProcessMemory request was completed. (0x12B)
[0911/165928.695:ERROR:process_memory_win.cc(73)] ReadMemory at 0x2842ab07860 of 66 bytes failed: Only part of a ReadProcessMemory or WriteProcessMemory request was completed. (0x12B)
[0911/165928.695:ERROR:process_memory_win.cc(73)] ReadMemory at 0x2842ab078b0 of 60 bytes failed: Only part of a ReadProcessMemory or WriteProcessMemory request was completed. (0x12B)
[0911/165928.695:ERROR:process_memory_win.cc(73)] ReadMemory at 0x2842ab07b80 of 62 bytes failed: Only part of a ReadProcessMemory or WriteProcessMemory request was completed. (0x12B)
[0911/165928.695:ERROR:process_memory_win.cc(73)] ReadMemory at 0x2842ab07c20 of 64 bytes failed: Only part of a ReadProcessMemory or WriteProcessMemory request was completed. (0x12B)
[0911/165928.695:ERROR:process_memory_win.cc(73)] ReadMemory at 0x2842ab07f40 of 60 bytes failed: Only part of a ReadProcessMemory or WriteProcessMemory request was completed. (0x12B)
[0911/165928.695:ERROR:process_memory_win.cc(73)] ReadMemory at 0x2842ab07f90 of 62 bytes failed: Only part of a ReadProcessMemory or WriteProcessMemory request was completed. (0x12B)
[0911/165928.695:ERROR:process_memory_win.cc(73)] ReadMemory at 0x2842ab08210 of 64 bytes failed: Only part of a ReadProcessMemory or WriteProcessMemory request was completed. (0x12B)
[0911/165928.695:ERROR:process_memory_win.cc(73)] ReadMemory at 0x2842ab08440 of 60 bytes failed: Only part of a ReadProcessMemory or WriteProcessMemory request was completed. (0x12B)
[0911/165928.695:ERROR:process_memory_win.cc(73)] ReadMemory at 0x2842ab08490 of 64 bytes failed: Only part of a ReadProcessMemory or WriteProcessMemory request was completed. (0x12B)
[0911/165928.695:ERROR:process_memory_win.cc(73)] ReadMemory at 0x2842ab08d00 of 40 bytes failed: Only part of a ReadProcessMemory or WriteProcessMemory request was completed. (0x12B)
[0911/165928.695:ERROR:process_memory_win.cc(73)] ReadMemory at 0x2842ab0c6b0 of 132 bytes failed: Only part of a ReadProcessMemory or WriteProcessMemory request was completed. (0x12B)
[0911/165928.695:ERROR:process_memory_win.cc(73)] ReadMemory at 0x2842ab0d2a0 of 80 bytes failed: Only part of a ReadProcessMemory or WriteProcessMemory request was completed. (0x12B)
[0911/165928.695:ERROR:process_memory_win.cc(73)] ReadMemory at 0x2842ab0e710 of 132 bytes failed: Only part of a ReadProcessMemory or WriteProcessMemory request was completed. (0x12B)
[0911/165928.695:ERROR:process_memory_win.cc(73)] ReadMemory at 0x2842ab0e920 of 132 bytes failed: Only part of a ReadProcessMemory or WriteProcessMemory request was completed. (0x12B)
[0911/165928.695:ERROR:process_memory_win.cc(73)] ReadMemory at 0x2842ab0ed20 of 132 bytes failed: Only part of a ReadProcessMemory or WriteProcessMemory request was completed. (0x12B)
[0911/165928.696:ERROR:process_memory_win.cc(73)] ReadMemory at 0x2842ab0ee50 of 132 bytes failed: Only part of a ReadProcessMemory or WriteProcessMemory request was completed. (0x12B)
[0911/165928.696:ERROR:process_memory_win.cc(73)] ReadMemory at 0x2842ab0ef80 of 132 bytes failed: Only part of a ReadProcessMemory or WriteProcessMemory request was completed. (0x12B)
[0911/165928.696:ERROR:process_memory_win.cc(73)] ReadMemory at 0x2842ab0f1e0 of 132 bytes failed: Only part of a ReadProcessMemory or WriteProcessMemory request was completed. (0x12B)
[0911/165928.696:ERROR:process_memory_win.cc(73)] ReadMemory at 0x2842ab0f310 of 132 bytes failed: Only part of a ReadProcessMemory or WriteProcessMemory request was completed. (0x12B)
[0911/165928.696:ERROR:process_memory_win.cc(73)] ReadMemory at 0x2842ab0f440 of 132 bytes failed: Only part of a ReadProcessMemory or WriteProcessMemory request was completed. (0x12B)
[0911/165928.696:ERROR:process_memory_win.cc(73)] ReadMemory at 0x2842ab0f570 of 132 bytes failed: Only part of a ReadProcessMemory or WriteProcessMemory request was completed. (0x12B)
[0911/165928.696:ERROR:process_memory_win.cc(73)] ReadMemory at 0x2842ab0f6a0 of 132 bytes failed: Only part of a ReadProcessMemory or WriteProcessMemory request was completed. (0x12B)
[0911/165928.696:ERROR:process_memory_win.cc(73)] ReadMemory at 0x2842ab0f7d0 of 132 bytes failed: Only part of a ReadProcessMemory or WriteProcessMemory request was completed. (0x12B)
[0911/165928.696:ERROR:process_memory_win.cc(73)] ReadMemory at 0x2842ab0f900 of 132 bytes failed: Only part of a ReadProcessMemory or WriteProcessMemory request was completed. (0x12B)
[0911/165928.696:ERROR:process_memory_win.cc(73)] ReadMemory at 0x2842ab0fa30 of 132 bytes failed: Only part of a ReadProcessMemory or WriteProcessMemory request was completed. (0x12B)
[0911/165928.696:ERROR:process_memory_win.cc(73)] ReadMemory at 0x2842ab0fb60 of 132 bytes failed: Only part of a ReadProcessMemory or WriteProcessMemory request was completed. (0x12B)
[0911/165928.696:ERROR:process_memory_win.cc(73)] ReadMemory at 0x2842ab11fd0 of 132 bytes failed: Only part of a ReadProcessMemory or WriteProcessMemory request was completed. (0x12B)
[0911/165928.696:ERROR:process_memory_win.cc(73)] ReadMemory at 0x2842ab121f0 of 132 bytes failed: Only part of a ReadProcessMemory or WriteProcessMemory request was completed. (0x12B)
[0911/165928.696:ERROR:process_memory_win.cc(73)] ReadMemory at 0x2842ab12410 of 132 bytes failed: Only part of a ReadProcessMemory or WriteProcessMemory request was completed. (0x12B)
[0911/165928.696:ERROR:process_memory_win.cc(73)] ReadMemory at 0x2842ab12770 of 132 bytes failed: Only part of a ReadProcessMemory or WriteProcessMemory request was completed. (0x12B)
[0911/165928.696:ERROR:process_memory_win.cc(73)] ReadMemory at 0x2842ab12980 of 132 bytes failed: Only part of a ReadProcessMemory or WriteProcessMemory request was completed. (0x12B)
[0911/165928.696:ERROR:process_memory_win.cc(73)] ReadMemory at 0x2842ab14400 of 54 bytes failed: Only part of a ReadProcessMemory or WriteProcessMemory request was completed. (0x12B)
[0911/165928.696:ERROR:process_memory_win.cc(73)] ReadMemory at 0x2842ab15660 of 132 bytes failed: Only part of a ReadProcessMemory or WriteProcessMemory request was completed. (0x12B)
[0911/165928.696:ERROR:process_memory_win.cc(73)] ReadMemory at 0x2842ab15790 of 144 bytes failed: Only part of a ReadProcessMemory or WriteProcessMemory request was completed. (0x12B)
[0911/165928.697:ERROR:process_memory_win.cc(73)] ReadMemory at 0x2842ab15ea0 of 132 bytes failed: Only part of a ReadProcessMemory or WriteProcessMemory request was completed. (0x12B)
[0911/165928.697:ERROR:process_memory_win.cc(73)] ReadMemory at 0x2842ab17070 of 132 bytes failed: Only part of a ReadProcessMemory or WriteProcessMemory request was completed. (0x12B)
[0911/165928.697:ERROR:process_memory_win.cc(73)] ReadMemory at 0x2842ab19e00 of 132 bytes failed: Only part of a ReadProcessMemory or WriteProcessMemory request was completed. (0x12B)
[0911/165928.697:ERROR:process_memory_win.cc(73)] ReadMemory at 0x2842ab1a200 of 76 bytes failed: Only part of a ReadProcessMemory or WriteProcessMemory request was completed. (0x12B)
[0911/165928.697:ERROR:process_memory_win.cc(73)] ReadMemory at 0x2842ab1a260 of 80 bytes failed: Only part of a ReadProcessMemory or WriteProcessMemory request was completed. (0x12B)
[0911/165928.697:ERROR:process_memory_win.cc(73)] ReadMemory at 0x2842ab1b2d0 of 512 bytes failed: Only part of a ReadProcessMemory or WriteProcessMemory request was completed. (0x12B)
[0911/165928.697:ERROR:process_memory_win.cc(73)] ReadMemory at 0x2842ab1b6e0 of 132 bytes failed: Only part of a ReadProcessMemory or WriteProcessMemory request was completed. (0x12B)
[0911/165928.697:ERROR:process_memory_win.cc(73)] ReadMemory at 0x2842ab1b940 of 132 bytes failed: Only part of a ReadProcessMemory or WriteProcessMemory request was completed. (0x12B)
[0911/165928.697:ERROR:process_memory_win.cc(73)] ReadMemory at 0x2842ab1bba0 of 132 bytes failed: Only part of a ReadProcessMemory or WriteProcessMemory request was completed. (0x12B)
[0911/165928.697:ERROR:process_memory_win.cc(73)] ReadMemory at 0x2842ab1be00 of 132 bytes failed: Only part of a ReadProcessMemory or WriteProcessMemory request was completed. (0x12B)
[0911/165928.697:ERROR:process_memory_win.cc(73)] ReadMemory at 0x2842ab1bf30 of 132 bytes failed: Only part of a ReadProcessMemory or WriteProcessMemory request was completed. (0x12B)
[0911/165928.697:ERROR:process_memory_win.cc(73)] ReadMemory at 0x2842ab1c190 of 132 bytes failed: Only part of a ReadProcessMemory or WriteProcessMemory request was completed. (0x12B)
[0911/165928.697:ERROR:process_memory_win.cc(73)] ReadMemory at 0x2842ab1c780 of 132 bytes failed: Only part of a ReadProcessMemory or WriteProcessMemory request was completed. (0x12B)
[0911/165928.697:ERROR:process_memory_win.cc(73)] ReadMemory at 0x2842ab1c9e0 of 132 bytes failed: Only part of a ReadProcessMemory or WriteProcessMemory request was completed. (0x12B)
[0911/165928.697:ERROR:process_memory_win.cc(73)] ReadMemory at 0x2842ab1cc40 of 132 bytes failed: Only part of a ReadProcessMemory or WriteProcessMemory request was completed. (0x12B)
[0911/165928.697:ERROR:process_memory_win.cc(73)] ReadMemory at 0x2842ab1cd70 of 132 bytes failed: Only part of a ReadProcessMemory or WriteProcessMemory request was completed. (0x12B)
[0911/165928.697:ERROR:process_memory_win.cc(73)] ReadMemory at 0x2842ab1d490 of 132 bytes failed: Only part of a ReadProcessMemory or WriteProcessMemory request was completed. (0x12B)
[0911/165928.698:ERROR:process_memory_win.cc(73)] ReadMemory at 0x2842ab1ebc0 of 66 bytes failed: Only part of a ReadProcessMemory or WriteProcessMemory request was completed. (0x12B)
[0911/165928.698:ERROR:process_memory_win.cc(73)] ReadMemory at 0x2842ab1ec10 of 60 bytes failed: Only part of a ReadProcessMemory or WriteProcessMemory request was completed. (0x12B)
[0911/165928.698:ERROR:process_memory_win.cc(73)] ReadMemory at 0x2842ab1ec60 of 62 bytes failed: Only part of a ReadProcessMemory or WriteProcessMemory request was completed. (0x12B)
[0911/165928.698:ERROR:process_memory_win.cc(73)] ReadMemory at 0x2842ab1ed00 of 64 bytes failed: Only part of a ReadProcessMemory or WriteProcessMemory request was completed. (0x12B)
[0911/165928.698:ERROR:process_memory_win.cc(73)] ReadMemory at 0x2842ab1f020 of 62 bytes failed: Only part of a ReadProcessMemory or WriteProcessMemory request was completed. (0x12B)
[0911/165928.698:ERROR:process_memory_win.cc(73)] ReadMemory at 0x2842ab1f0c0 of 60 bytes failed: Only part of a ReadProcessMemory or WriteProcessMemory request was completed. (0x12B)
[0911/165928.698:ERROR:process_memory_win.cc(73)] ReadMemory at 0x2842ab1f390 of 62 bytes failed: Only part of a ReadProcessMemory or WriteProcessMemory request was completed. (0x12B)
[0911/165928.698:ERROR:process_memory_win.cc(73)] ReadMemory at 0x2842ab1f3e0 of 60 bytes failed: Only part of a ReadProcessMemory or WriteProcessMemory request was completed. (0x12B)
[0911/165928.698:ERROR:process_memory_win.cc(73)] ReadMemory at 0x2842ab1f430 of 60 bytes failed: Only part of a ReadProcessMemory or WriteProcessMemory request was completed. (0x12B)
[0911/165928.698:ERROR:process_memory_win.cc(73)] ReadMemory at 0x2842ab1f480 of 60 bytes failed: Only part of a ReadProcessMemory or WriteProcessMemory request was completed. (0x12B)
[0911/165928.698:ERROR:process_memory_win.cc(73)] ReadMemory at 0x2842ab1f4d0 of 62 bytes failed: Only part of a ReadProcessMemory or WriteProcessMemory request was completed. (0x12B)
[0911/165928.698:ERROR:process_memory_win.cc(73)] ReadMemory at 0x2842ab1f520 of 62 bytes failed: Only part of a ReadProcessMemory or WriteProcessMemory request was completed. (0x12B)
[0911/165928.698:ERROR:process_memory_win.cc(73)] ReadMemory at 0x2842ab1f660 of 62 bytes failed: Only part of a ReadProcessMemory or WriteProcessMemory request was completed. (0x12B)
[0911/165928.698:ERROR:process_memory_win.cc(73)] ReadMemory at 0x2842ab1f840 of 64 bytes failed: Only part of a ReadProcessMemory or WriteProcessMemory request was completed. (0x12B)
[0911/165928.698:ERROR:process_memory_win.cc(73)] ReadMemory at 0x2842ab1f930 of 62 bytes failed: Only part of a ReadProcessMemory or WriteProcessMemory request was completed. (0x12B)
[0911/165928.698:ERROR:process_memory_win.cc(73)] ReadMemory at 0x2842ab1f9d0 of 64 bytes failed: Only part of a ReadProcessMemory or WriteProcessMemory request was completed. (0x12B)
[0911/165928.698:ERROR:process_memory_win.cc(73)] ReadMemory at 0x2842ab1fa70 of 58 bytes failed: Only part of a ReadProcessMemory or WriteProcessMemory request was completed. (0x12B)
[0911/165928.699:ERROR:process_memory_win.cc(73)] ReadMemory at 0x2842ab26540 of 48 bytes failed: Only part of a ReadProcessMemory or WriteProcessMemory request was completed. (0x12B)
[0911/165928.699:ERROR:process_memory_win.cc(73)] ReadMemory at 0x2842ab26ac0 of 48 bytes failed: Only part of a ReadProcessMemory or WriteProcessMemory request was completed. (0x12B)
[0911/165928.699:ERROR:process_memory_win.cc(73)] ReadMemory at 0x2842ab40080 of 124 bytes failed: Only part of a ReadProcessMemory or WriteProcessMemory request was completed. (0x12B)
[0911/165928.699:ERROR:process_memory_win.cc(73)] ReadMemory at 0x2842ab6ecb0 of 512 bytes failed: Only part of a ReadProcessMemory or WriteProcessMemory request was completed. (0x12B)
[0911/165928.699:ERROR:process_memory_win.cc(73)] ReadMemory at 0x2842ab76f90 of 512 bytes failed: Only part of a ReadProcessMemory or WriteProcessMemory request was completed. (0x12B)
[0911/165928.699:ERROR:process_memory_win.cc(73)] ReadMemory at 0x2842ab79280 of 512 bytes failed: Only part of a ReadProcessMemory or WriteProcessMemory request was completed. (0x12B)
[0911/165928.699:ERROR:process_memory_win.cc(73)] ReadMemory at 0x2842ab7c3c0 of 512 bytes failed: Only part of a ReadProcessMemory or WriteProcessMemory request was completed. (0x12B)
[0911/165928.699:ERROR:process_memory_win.cc(73)] ReadMemory at 0x2842ab86300 of 512 bytes failed: Only part of a ReadProcessMemory or WriteProcessMemory request was completed. (0x12B)
[0911/165928.699:ERROR:process_memory_win.cc(73)] ReadMemory at 0x2842aba35a0 of 512 bytes failed: Only part of a ReadProcessMemory or WriteProcessMemory request was completed. (0x12B)
[0911/165928.700:ERROR:process_memory_win.cc(73)] ReadMemory at 0x2842abb4590 of 512 bytes failed: Only part of a ReadProcessMemory or WriteProcessMemory request was completed. (0x12B)
[0911/165928.700:ERROR:process_memory_win.cc(73)] ReadMemory at 0x2842abb4f90 of 512 bytes failed: Only part of a ReadProcessMemory or WriteProcessMemory request was completed. (0x12B)
[0911/165928.700:ERROR:process_memory_win.cc(73)] ReadMemory at 0x2842abc2cb0 of 712 bytes failed: Only part of a ReadProcessMemory or WriteProcessMemory request was completed. (0x12B)
[0911/165928.700:ERROR:process_memory_win.cc(73)] ReadMemory at 0x2842abc58c0 of 512 bytes failed: Only part of a ReadProcessMemory or WriteProcessMemory request was completed. (0x12B)
[0911/165928.700:ERROR:process_memory_win.cc(73)] ReadMemory at 0x2842ad902c0 of 40 bytes failed: Only part of a ReadProcessMemory or WriteProcessMemory request was completed. (0x12B)
[0911/165928.700:ERROR:process_memory_win.cc(73)] ReadMemory at 0x2842b1702c0 of 40 bytes failed: Only part of a ReadProcessMemory or WriteProcessMemory request was completed. (0x12B)
[0911/165928.700:ERROR:process_memory_win.cc(73)] ReadMemory at 0x2842cb3ece0 of 40 bytes failed: Only part of a ReadProcessMemory or WriteProcessMemory request was completed. (0x12B)
[0911/165928.700:ERROR:process_memory_win.cc(73)] ReadMemory at 0x2842cb429d4 of 846 bytes failed: Only part of a ReadProcessMemory or WriteProcessMemory request was completed. (0x12B)
[0911/165928.700:ERROR:process_memory_win.cc(73)] ReadMemory at 0x2842cb46410 of 512 bytes failed: Only part of a ReadProcessMemory or WriteProcessMemory request was completed. (0x12B)
[0911/165928.701:ERROR:process_memory_win.cc(73)] ReadMemory at 0x2842cb52c80 of 512 bytes failed: Only part of a ReadProcessMemory or WriteProcessMemory request was completed. (0x12B)
[0911/165928.701:ERROR:process_memory_win.cc(73)] ReadMemory at 0x2842ccf0b90 of 512 bytes failed: Only part of a ReadProcessMemory or WriteProcessMemory request was completed. (0x12B)
[0911/165928.701:ERROR:process_memory_win.cc(73)] ReadMemory at 0x2842dfed8b0 of 512 bytes failed: Only part of a ReadProcessMemory or WriteProcessMemory request was completed. (0x12B)
[0911/165928.701:ERROR:process_memory_win.cc(73)] ReadMemory at 0x2842e05a0f0 of 512 bytes failed: Only part of a ReadProcessMemory or WriteProcessMemory request was completed. (0x12B)
[0911/165928.701:ERROR:process_memory_win.cc(73)] ReadMemory at 0x2842e2c4aa0 of 512 bytes failed: Only part of a ReadProcessMemory or WriteProcessMemory request was completed. (0x12B)
[0911/165928.701:ERROR:process_memory_win.cc(73)] ReadMemory at 0x7ff9c641e3b0 of 40 bytes failed: Only part of a ReadProcessMemory or WriteProcessMemory request was completed. (0x12B)
[0911/165928.701:ERROR:process_memory_win.cc(73)] ReadMemory at 0x7ff9fc448cb0 of 40 bytes failed: Only part of a ReadProcessMemory or WriteProcessMemory request was completed. (0x12B)
[0911/165928.701:ERROR:process_memory_win.cc(73)] ReadMemory at 0x7ff9fca4a699 of 512 bytes failed: Only part of a ReadProcessMemory or WriteProcessMemory request was completed. (0x12B)
[0911/165928.701:ERROR:process_memory_win.cc(73)] ReadMemory at 0x7ff9fcc7c6d0 of 512 bytes failed: Only part of a ReadProcessMemory or WriteProcessMemory request was completed. (0x12B)
[0911/165928.701:ERROR:process_memory_win.cc(73)] ReadMemory at 0x7ff9fecef5b0 of 176 bytes failed: Only part of a ReadProcessMemory or WriteProcessMemory request was completed. (0x12B)
[0911/165928.701:ERROR:process_memory_win.cc(73)] ReadMemory at 0x7ff9fee97b54 of 512 bytes failed: Only part of a ReadProcessMemory or WriteProcessMemory request was completed. (0x12B)
[0911/165928.701:ERROR:process_memory_win.cc(73)] ReadMemory at 0x7ff9feea1f80 of 512 bytes failed: Only part of a ReadProcessMemory or WriteProcessMemory request was completed. (0x12B)
[0911/165928.701:ERROR:process_memory_win.cc(73)] ReadMemory at 0x7ff9ff6bc3bf of 512 bytes failed: Only part of a ReadProcessMemory or WriteProcessMemory request was completed. (0x12B)
[0911/165928.701:ERROR:process_memory_win.cc(73)] ReadMemory at 0x7ff9ff71c074 of 672 bytes failed: Only part of a ReadProcessMemory or WriteProcessMemory request was completed. (0x12B)
[0911/165928.701:ERROR:process_memory_win.cc(73)] ReadMemory at 0x7ff9ff71c674 of 512 bytes failed: Only part of a ReadProcessMemory or WriteProcessMemory request was completed. (0x12B)
[0911/165928.701:ERROR:process_memory_win.cc(73)] ReadMemory at 0x7ff9ff71f924 of 608 bytes failed: Only part of a ReadProcessMemory or WriteProcessMemory request was completed. (0x12B)
[0911/165928.701:ERROR:process_memory_win.cc(73)] ReadMemory at 0x7ff9ff7ac428 of 18 bytes failed: Only part of a ReadProcessMemory or WriteProcessMemory request was completed. (0x12B)
[0911/165928.701:ERROR:process_memory_win.cc(73)] ReadMemory at 0x7ff9ff7df4f8 of 40 bytes failed: Only part of a ReadProcessMemory or WriteProcessMemory request was completed. (0x12B)
[0911/165928.702:ERROR:process_memory_win.cc(73)] ReadMemory at 0x7ff9ff7df560 of 48 bytes failed: Only part of a ReadProcessMemory or WriteProcessMemory request was completed. (0x12B)
[0911/165928.702:ERROR:process_memory_win.cc(73)] ReadMemory at 0x7ff9ff7df978 of 48 bytes failed: Only part of a ReadProcessMemory or WriteProcessMemory request was completed. (0x12B)
[0911/165928.702:ERROR:process_memory_win.cc(73)] ReadMemory at 0x7ff9ff7e3be0 of 40 bytes failed: Only part of a ReadProcessMemory or WriteProcessMemory request was completed. (0x12B)
[0911/165928.702:ERROR:process_memory_win.cc(73)] ReadMemory at 0x7ff9ff7e3d40 of 336 bytes failed: Only part of a ReadProcessMemory or WriteProcessMemory request was completed. (0x12B)
[0911/165928.702:ERROR:process_memory_win.cc(73)] ReadMemory at 0x7ff9ff7e53c0 of 64 bytes failed: Only part of a ReadProcessMemory or WriteProcessMemory request was completed. (0x12B)
[0911/165928.703:ERROR:scoped_process_suspend.cc(40)] NtResumeProcess: An attempt was made to access an exiting process. (0xc000010a)
